2016-11-19 21:09:44.117  INFO 636 --- [main] c.n.s.AllSchoolNoticeBoardApplication    : Starting AllSchoolNoticeBoardApplication on eXp with PID 636 (F:\learn\allSchoolNoticeBoard\bin started by shadhin in F:\learn\allSchoolNoticeBoard)
2016-11-19 21:09:44.121 DEBUG 636 --- [main] c.n.s.AllSchoolNoticeBoardApplication    : Running with Spring Boot v1.4.2.RELEASE, Spring v4.3.4.RELEASE
2016-11-19 21:09:44.122  INFO 636 --- [main] c.n.s.AllSchoolNoticeBoardApplication    : No active profile set, falling back to default profiles: default
2016-11-19 21:09:44.228  INFO 636 --- [main] ationConfigEmbeddedWebApplicationContext : Refreshing org.springframework.boot.context.embedded.AnnotationConfigEmbeddedWebApplicationContext@34123d65: startup date [Sat Nov 19 21:09:44 BDT 2016]; root of context hierarchy
2016-11-19 21:09:46.791  INFO 636 --- [main] s.b.c.e.t.TomcatEmbeddedServletContainer : Tomcat initialized with port(s): 8080 (http)
2016-11-19 21:09:46.803  INFO 636 --- [main] o.apache.catalina.core.StandardService   : Starting service Tomcat
2016-11-19 21:09:46.804  INFO 636 --- [main] org.apache.catalina.core.StandardEngine  : Starting Servlet Engine: Apache Tomcat/8.5.6
2016-11-19 21:09:47.007  INFO 636 --- [localhost-startStop-1] o.a.c.c.C.[Tomcat].[localhost].[/]       : Initializing Spring embedded WebApplicationContext
2016-11-19 21:09:47.015  INFO 636 --- [localhost-startStop-1] o.s.web.context.ContextLoader            : Root WebApplicationContext: initialization completed in 2794 ms
2016-11-19 21:09:47.471  INFO 636 --- [localhost-startStop-1] o.s.b.w.servlet.ServletRegistrationBean  : Mapping servlet: 'dispatcherServlet' to [/]
2016-11-19 21:09:47.481  INFO 636 --- [localhost-startStop-1] o.s.b.w.servlet.FilterRegistrationBean   : Mapping filter: 'characterEncodingFilter' to: [/*]
2016-11-19 21:09:47.485  INFO 636 --- [localhost-startStop-1] o.s.b.w.servlet.FilterRegistrationBean   : Mapping filter: 'hiddenHttpMethodFilter' to: [/*]
2016-11-19 21:09:47.487  INFO 636 --- [localhost-startStop-1] o.s.b.w.servlet.FilterRegistrationBean   : Mapping filter: 'httpPutFormContentFilter' to: [/*]
2016-11-19 21:09:47.488  INFO 636 --- [localhost-startStop-1] o.s.b.w.servlet.FilterRegistrationBean   : Mapping filter: 'requestContextFilter' to: [/*]
2016-11-19 21:09:48.169  INFO 636 --- [main] s.w.s.m.m.a.RequestMappingHandlerAdapter : Looking for @ControllerAdvice: org.springframework.boot.context.embedded.AnnotationConfigEmbeddedWebApplicationContext@34123d65: startup date [Sat Nov 19 21:09:44 BDT 2016]; root of context hierarchy
2016-11-19 21:09:48.301  INFO 636 --- [main] s.w.s.m.m.a.RequestMappingHandlerMapping : Mapped "{[/],methods=[GET]}" onto public java.lang.String com.nazmulpro.schoolNoticeBoard.controller.HomeController.showHome()
2016-11-19 21:09:48.322  INFO 636 --- [main] s.w.s.m.m.a.RequestMappingHandlerMapping : Mapped "{[/error]}" onto public org.springframework.http.ResponseEntity<java.util.Map<java.lang.String, java.lang.Object>> org.springframework.boot.autoconfigure.web.BasicErrorController.error(javax.servlet.http.HttpServletRequest)
2016-11-19 21:09:48.323  INFO 636 --- [main] s.w.s.m.m.a.RequestMappingHandlerMapping : Mapped "{[/error],produces=[text/html]}" onto public org.springframework.web.servlet.ModelAndView org.springframework.boot.autoconfigure.web.BasicErrorController.errorHtml(javax.servlet.http.HttpServletRequest,javax.servlet.http.HttpServletResponse)
2016-11-19 21:09:48.382  INFO 636 --- [main] o.s.w.s.handler.SimpleUrlHandlerMapping  : Mapped URL path [/webjars/**] onto handler of type [class org.springframework.web.servlet.resource.ResourceHttpRequestHandler]
2016-11-19 21:09:48.383  INFO 636 --- [main] o.s.w.s.handler.SimpleUrlHandlerMapping  : Mapped URL path [/**] onto handler of type [class org.springframework.web.servlet.resource.ResourceHttpRequestHandler]
2016-11-19 21:09:48.475  INFO 636 --- [main] o.s.w.s.handler.SimpleUrlHandlerMapping  : Mapped URL path [/**/favicon.ico] onto handler of type [class org.springframework.web.servlet.resource.ResourceHttpRequestHandler]
2016-11-19 21:09:48.959  INFO 636 --- [main] o.s.j.e.a.AnnotationMBeanExporter        : Registering beans for JMX exposure on startup
2016-11-19 21:09:49.052  INFO 636 --- [main] s.b.c.e.t.TomcatEmbeddedServletContainer : Tomcat started on port(s): 8080 (http)
2016-11-19 21:09:49.059  INFO 636 --- [main] c.n.s.AllSchoolNoticeBoardApplication    : Started AllSchoolNoticeBoardApplication in 5.635 seconds (JVM running for 6.341)
2016-11-19 21:09:56.124  INFO 636 --- [http-nio-8080-exec-1] o.a.c.c.C.[Tomcat].[localhost].[/]       : Initializing Spring FrameworkServlet 'dispatcherServlet'
2016-11-19 21:09:56.124  INFO 636 --- [http-nio-8080-exec-1] o.s.web.servlet.DispatcherServlet        : FrameworkServlet 'dispatcherServlet': initialization started
2016-11-19 21:09:56.151  INFO 636 --- [http-nio-8080-exec-1] o.s.web.servlet.DispatcherServlet        : FrameworkServlet 'dispatcherServlet': initialization completed in 27 ms
2016-11-19 21:09:56.180 DEBUG 636 --- [http-nio-8080-exec-1] c.n.s.controller.HomeController          : Rendering home page
2016-11-19 22:28:01.256  INFO 636 --- [RMI TCP Connection(2)-10.50.253.123] inMXBeanRegistrar$SpringApplicationAdmin : Application shutdown requested.
2016-11-19 22:28:01.259  INFO 636 --- [RMI TCP Connection(2)-10.50.253.123] ationConfigEmbeddedWebApplicationContext : Closing org.springframework.boot.context.embedded.AnnotationConfigEmbeddedWebApplicationContext@34123d65: startup date [Sat Nov 19 21:09:44 BDT 2016]; root of context hierarchy
2016-11-19 22:28:01.337  INFO 636 --- [RMI TCP Connection(2)-10.50.253.123] o.s.j.e.a.AnnotationMBeanExporter        : Unregistering JMX-exposed beans on shutdown
2016-11-19 22:28:14.448  INFO 2444 --- [main] c.n.s.AllSchoolNoticeBoardApplication    : Starting AllSchoolNoticeBoardApplication on eXp with PID 2444 (F:\learn\allSchoolNoticeBoard\bin started by shadhin in F:\learn\allSchoolNoticeBoard)
2016-11-19 22:28:14.453 DEBUG 2444 --- [main] c.n.s.AllSchoolNoticeBoardApplication    : Running with Spring Boot v1.4.2.RELEASE, Spring v4.3.4.RELEASE
2016-11-19 22:28:14.453  INFO 2444 --- [main] c.n.s.AllSchoolNoticeBoardApplication    : No active profile set, falling back to default profiles: default
2016-11-19 22:28:14.550  INFO 2444 --- [main] ationConfigEmbeddedWebApplicationContext : Refreshing org.springframework.boot.context.embedded.AnnotationConfigEmbeddedWebApplicationContext@34123d65: startup date [Sat Nov 19 22:28:14 BDT 2016]; root of context hierarchy
2016-11-19 22:28:16.730  INFO 2444 --- [main] s.b.c.e.t.TomcatEmbeddedServletContainer : Tomcat initialized with port(s): 8080 (http)
2016-11-19 22:28:16.743  INFO 2444 --- [main] o.apache.catalina.core.StandardService   : Starting service Tomcat
2016-11-19 22:28:16.744  INFO 2444 --- [main] org.apache.catalina.core.StandardEngine  : Starting Servlet Engine: Apache Tomcat/8.5.6
2016-11-19 22:28:16.976  INFO 2444 --- [localhost-startStop-1] o.a.c.c.C.[Tomcat].[localhost].[/]       : Initializing Spring embedded WebApplicationContext
2016-11-19 22:28:16.982  INFO 2444 --- [localhost-startStop-1] o.s.web.context.ContextLoader            : Root WebApplicationContext: initialization completed in 2443 ms
2016-11-19 22:28:17.331  INFO 2444 --- [localhost-startStop-1] o.s.b.w.servlet.ServletRegistrationBean  : Mapping servlet: 'dispatcherServlet' to [/]
2016-11-19 22:28:17.336  INFO 2444 --- [localhost-startStop-1] o.s.b.w.servlet.FilterRegistrationBean   : Mapping filter: 'characterEncodingFilter' to: [/*]
2016-11-19 22:28:17.337  INFO 2444 --- [localhost-startStop-1] o.s.b.w.servlet.FilterRegistrationBean   : Mapping filter: 'hiddenHttpMethodFilter' to: [/*]
2016-11-19 22:28:17.337  INFO 2444 --- [localhost-startStop-1] o.s.b.w.servlet.FilterRegistrationBean   : Mapping filter: 'httpPutFormContentFilter' to: [/*]
2016-11-19 22:28:17.338  INFO 2444 --- [localhost-startStop-1] o.s.b.w.servlet.FilterRegistrationBean   : Mapping filter: 'requestContextFilter' to: [/*]
2016-11-19 22:28:17.846  INFO 2444 --- [main] s.w.s.m.m.a.RequestMappingHandlerAdapter : Looking for @ControllerAdvice: org.springframework.boot.context.embedded.AnnotationConfigEmbeddedWebApplicationContext@34123d65: startup date [Sat Nov 19 22:28:14 BDT 2016]; root of context hierarchy
2016-11-19 22:28:17.925  INFO 2444 --- [main] s.w.s.m.m.a.RequestMappingHandlerMapping : Mapped "{[/],methods=[GET]}" onto public java.lang.String com.nazmulpro.schoolNoticeBoard.controller.HomeController.showHome()
2016-11-19 22:28:17.932  INFO 2444 --- [main] s.w.s.m.m.a.RequestMappingHandlerMapping : Mapped "{[/error]}" onto public org.springframework.http.ResponseEntity<java.util.Map<java.lang.String, java.lang.Object>> org.springframework.boot.autoconfigure.web.BasicErrorController.error(javax.servlet.http.HttpServletRequest)
2016-11-19 22:28:17.933  INFO 2444 --- [main] s.w.s.m.m.a.RequestMappingHandlerMapping : Mapped "{[/error],produces=[text/html]}" onto public org.springframework.web.servlet.ModelAndView org.springframework.boot.autoconfigure.web.BasicErrorController.errorHtml(javax.servlet.http.HttpServletRequest,javax.servlet.http.HttpServletResponse)
2016-11-19 22:28:17.993  INFO 2444 --- [main] o.s.w.s.handler.SimpleUrlHandlerMapping  : Mapped URL path [/webjars/**] onto handler of type [class org.springframework.web.servlet.resource.ResourceHttpRequestHandler]
2016-11-19 22:28:17.994  INFO 2444 --- [main] o.s.w.s.handler.SimpleUrlHandlerMapping  : Mapped URL path [/**] onto handler of type [class org.springframework.web.servlet.resource.ResourceHttpRequestHandler]
2016-11-19 22:28:18.097  INFO 2444 --- [main] o.s.w.s.handler.SimpleUrlHandlerMapping  : Mapped URL path [/**/favicon.ico] onto handler of type [class org.springframework.web.servlet.resource.ResourceHttpRequestHandler]
2016-11-19 22:28:18.494  INFO 2444 --- [main] o.s.j.e.a.AnnotationMBeanExporter        : Registering beans for JMX exposure on startup
2016-11-19 22:28:18.567  INFO 2444 --- [main] s.b.c.e.t.TomcatEmbeddedServletContainer : Tomcat started on port(s): 8080 (http)
2016-11-19 22:28:18.572  INFO 2444 --- [main] c.n.s.AllSchoolNoticeBoardApplication    : Started AllSchoolNoticeBoardApplication in 4.707 seconds (JVM running for 5.294)
2016-11-19 22:28:23.637  INFO 2444 --- [http-nio-8080-exec-1] o.a.c.c.C.[Tomcat].[localhost].[/]       : Initializing Spring FrameworkServlet 'dispatcherServlet'
2016-11-19 22:28:23.637  INFO 2444 --- [http-nio-8080-exec-1] o.s.web.servlet.DispatcherServlet        : FrameworkServlet 'dispatcherServlet': initialization started
2016-11-19 22:28:23.661  INFO 2444 --- [http-nio-8080-exec-1] o.s.web.servlet.DispatcherServlet        : FrameworkServlet 'dispatcherServlet': initialization completed in 24 ms
2016-11-19 22:28:23.699 DEBUG 2444 --- [http-nio-8080-exec-1] c.n.s.controller.HomeController          : Rendering home page
2016-11-19 22:29:18.263  INFO 2444 --- [RMI TCP Connection(2)-10.50.253.123] inMXBeanRegistrar$SpringApplicationAdmin : Application shutdown requested.
2016-11-19 22:29:18.263  INFO 2444 --- [RMI TCP Connection(2)-10.50.253.123] ationConfigEmbeddedWebApplicationContext : Closing org.springframework.boot.context.embedded.AnnotationConfigEmbeddedWebApplicationContext@34123d65: startup date [Sat Nov 19 22:28:14 BDT 2016]; root of context hierarchy
2016-11-19 22:29:18.266  INFO 2444 --- [RMI TCP Connection(2)-10.50.253.123] o.s.j.e.a.AnnotationMBeanExporter        : Unregistering JMX-exposed beans on shutdown
2016-11-19 22:29:25.539  INFO 3064 --- [main] c.n.s.AllSchoolNoticeBoardApplication    : Starting AllSchoolNoticeBoardApplication on eXp with PID 3064 (F:\learn\allSchoolNoticeBoard\bin started by shadhin in F:\learn\allSchoolNoticeBoard)
2016-11-19 22:29:25.544 DEBUG 3064 --- [main] c.n.s.AllSchoolNoticeBoardApplication    : Running with Spring Boot v1.4.2.RELEASE, Spring v4.3.4.RELEASE
2016-11-19 22:29:25.545  INFO 3064 --- [main] c.n.s.AllSchoolNoticeBoardApplication    : No active profile set, falling back to default profiles: default
2016-11-19 22:29:25.632  INFO 3064 --- [main] ationConfigEmbeddedWebApplicationContext : Refreshing org.springframework.boot.context.embedded.AnnotationConfigEmbeddedWebApplicationContext@34123d65: startup date [Sat Nov 19 22:29:25 BDT 2016]; root of context hierarchy
2016-11-19 22:29:27.801  INFO 3064 --- [main] s.b.c.e.t.TomcatEmbeddedServletContainer : Tomcat initialized with port(s): 8080 (http)
2016-11-19 22:29:27.814  INFO 3064 --- [main] o.apache.catalina.core.StandardService   : Starting service Tomcat
2016-11-19 22:29:27.816  INFO 3064 --- [main] org.apache.catalina.core.StandardEngine  : Starting Servlet Engine: Apache Tomcat/8.5.6
2016-11-19 22:29:28.028  INFO 3064 --- [localhost-startStop-1] o.a.c.c.C.[Tomcat].[localhost].[/]       : Initializing Spring embedded WebApplicationContext
2016-11-19 22:29:28.029  INFO 3064 --- [localhost-startStop-1] o.s.web.context.ContextLoader            : Root WebApplicationContext: initialization completed in 2402 ms
2016-11-19 22:29:28.226  INFO 3064 --- [localhost-startStop-1] o.s.b.w.servlet.ServletRegistrationBean  : Mapping servlet: 'dispatcherServlet' to [/]
2016-11-19 22:29:28.232  INFO 3064 --- [localhost-startStop-1] o.s.b.w.servlet.FilterRegistrationBean   : Mapping filter: 'characterEncodingFilter' to: [/*]
2016-11-19 22:29:28.233  INFO 3064 --- [localhost-startStop-1] o.s.b.w.servlet.FilterRegistrationBean   : Mapping filter: 'hiddenHttpMethodFilter' to: [/*]
2016-11-19 22:29:28.233  INFO 3064 --- [localhost-startStop-1] o.s.b.w.servlet.FilterRegistrationBean   : Mapping filter: 'httpPutFormContentFilter' to: [/*]
2016-11-19 22:29:28.233  INFO 3064 --- [localhost-startStop-1] o.s.b.w.servlet.FilterRegistrationBean   : Mapping filter: 'requestContextFilter' to: [/*]
2016-11-19 22:29:28.727  INFO 3064 --- [main] s.w.s.m.m.a.RequestMappingHandlerAdapter : Looking for @ControllerAdvice: org.springframework.boot.context.embedded.AnnotationConfigEmbeddedWebApplicationContext@34123d65: startup date [Sat Nov 19 22:29:25 BDT 2016]; root of context hierarchy
2016-11-19 22:29:28.824  INFO 3064 --- [main] s.w.s.m.m.a.RequestMappingHandlerMapping : Mapped "{[/],methods=[GET]}" onto public java.lang.String com.nazmulpro.schoolNoticeBoard.controller.HomeController.showHome()
2016-11-19 22:29:28.838  INFO 3064 --- [main] s.w.s.m.m.a.RequestMappingHandlerMapping : Mapped "{[/error]}" onto public org.springframework.http.ResponseEntity<java.util.Map<java.lang.String, java.lang.Object>> org.springframework.boot.autoconfigure.web.BasicErrorController.error(javax.servlet.http.HttpServletRequest)
2016-11-19 22:29:28.840  INFO 3064 --- [main] s.w.s.m.m.a.RequestMappingHandlerMapping : Mapped "{[/error],produces=[text/html]}" onto public org.springframework.web.servlet.ModelAndView org.springframework.boot.autoconfigure.web.BasicErrorController.errorHtml(javax.servlet.http.HttpServletRequest,javax.servlet.http.HttpServletResponse)
2016-11-19 22:29:28.905  INFO 3064 --- [main] o.s.w.s.handler.SimpleUrlHandlerMapping  : Mapped URL path [/webjars/**] onto handler of type [class org.springframework.web.servlet.resource.ResourceHttpRequestHandler]
2016-11-19 22:29:28.906  INFO 3064 --- [main] o.s.w.s.handler.SimpleUrlHandlerMapping  : Mapped URL path [/**] onto handler of type [class org.springframework.web.servlet.resource.ResourceHttpRequestHandler]
2016-11-19 22:29:28.964  INFO 3064 --- [main] o.s.w.s.handler.SimpleUrlHandlerMapping  : Mapped URL path [/**/favicon.ico] onto handler of type [class org.springframework.web.servlet.resource.ResourceHttpRequestHandler]
2016-11-19 22:29:29.446  INFO 3064 --- [main] o.s.j.e.a.AnnotationMBeanExporter        : Registering beans for JMX exposure on startup
2016-11-19 22:29:29.535  INFO 3064 --- [main] s.b.c.e.t.TomcatEmbeddedServletContainer : Tomcat started on port(s): 8080 (http)
2016-11-19 22:29:29.543  INFO 3064 --- [main] c.n.s.AllSchoolNoticeBoardApplication    : Started AllSchoolNoticeBoardApplication in 4.603 seconds (JVM running for 5.251)
2016-11-19 22:29:32.616  INFO 3064 --- [http-nio-8080-exec-1] o.a.c.c.C.[Tomcat].[localhost].[/]       : Initializing Spring FrameworkServlet 'dispatcherServlet'
2016-11-19 22:29:32.617  INFO 3064 --- [http-nio-8080-exec-1] o.s.web.servlet.DispatcherServlet        : FrameworkServlet 'dispatcherServlet': initialization started
2016-11-19 22:29:32.639  INFO 3064 --- [http-nio-8080-exec-1] o.s.web.servlet.DispatcherServlet        : FrameworkServlet 'dispatcherServlet': initialization completed in 22 ms
2016-11-19 22:29:40.612 DEBUG 3064 --- [http-nio-8080-exec-3] c.n.s.controller.HomeController          : Rendering home page
2016-11-19 22:32:56.989  INFO 3064 --- [RMI TCP Connection(2)-10.50.253.123] inMXBeanRegistrar$SpringApplicationAdmin : Application shutdown requested.
2016-11-19 22:32:56.989  INFO 3064 --- [RMI TCP Connection(2)-10.50.253.123] ationConfigEmbeddedWebApplicationContext : Closing org.springframework.boot.context.embedded.AnnotationConfigEmbeddedWebApplicationContext@34123d65: startup date [Sat Nov 19 22:29:25 BDT 2016]; root of context hierarchy
2016-11-19 22:32:56.993  INFO 3064 --- [RMI TCP Connection(2)-10.50.253.123] o.s.j.e.a.AnnotationMBeanExporter        : Unregistering JMX-exposed beans on shutdown
2016-11-19 22:33:05.519  INFO 1268 --- [main] c.n.s.AllSchoolNoticeBoardApplication    : Starting AllSchoolNoticeBoardApplication on eXp with PID 1268 (F:\learn\allSchoolNoticeBoard\bin started by shadhin in F:\learn\allSchoolNoticeBoard)
2016-11-19 22:33:05.525 DEBUG 1268 --- [main] c.n.s.AllSchoolNoticeBoardApplication    : Running with Spring Boot v1.4.2.RELEASE, Spring v4.3.4.RELEASE
2016-11-19 22:33:05.526  INFO 1268 --- [main] c.n.s.AllSchoolNoticeBoardApplication    : No active profile set, falling back to default profiles: default
2016-11-19 22:33:05.626  INFO 1268 --- [main] ationConfigEmbeddedWebApplicationContext : Refreshing org.springframework.boot.context.embedded.AnnotationConfigEmbeddedWebApplicationContext@34123d65: startup date [Sat Nov 19 22:33:05 BDT 2016]; root of context hierarchy
2016-11-19 22:33:07.789  INFO 1268 --- [main] s.b.c.e.t.TomcatEmbeddedServletContainer : Tomcat initialized with port(s): 8080 (http)
2016-11-19 22:33:07.805  INFO 1268 --- [main] o.apache.catalina.core.StandardService   : Starting service Tomcat
2016-11-19 22:33:07.807  INFO 1268 --- [main] org.apache.catalina.core.StandardEngine  : Starting Servlet Engine: Apache Tomcat/8.5.6
2016-11-19 22:33:07.963  INFO 1268 --- [localhost-startStop-1] o.a.c.c.C.[Tomcat].[localhost].[/]       : Initializing Spring embedded WebApplicationContext
2016-11-19 22:33:07.964  INFO 1268 --- [localhost-startStop-1] o.s.web.context.ContextLoader            : Root WebApplicationContext: initialization completed in 2346 ms
2016-11-19 22:33:08.231  INFO 1268 --- [localhost-startStop-1] o.s.b.w.servlet.ServletRegistrationBean  : Mapping servlet: 'dispatcherServlet' to [/]
2016-11-19 22:33:08.236  INFO 1268 --- [localhost-startStop-1] o.s.b.w.servlet.FilterRegistrationBean   : Mapping filter: 'characterEncodingFilter' to: [/*]
2016-11-19 22:33:08.236  INFO 1268 --- [localhost-startStop-1] o.s.b.w.servlet.FilterRegistrationBean   : Mapping filter: 'hiddenHttpMethodFilter' to: [/*]
2016-11-19 22:33:08.237  INFO 1268 --- [localhost-startStop-1] o.s.b.w.servlet.FilterRegistrationBean   : Mapping filter: 'httpPutFormContentFilter' to: [/*]
2016-11-19 22:33:08.238  INFO 1268 --- [localhost-startStop-1] o.s.b.w.servlet.FilterRegistrationBean   : Mapping filter: 'requestContextFilter' to: [/*]
2016-11-19 22:33:08.785  INFO 1268 --- [main] s.w.s.m.m.a.RequestMappingHandlerAdapter : Looking for @ControllerAdvice: org.springframework.boot.context.embedded.AnnotationConfigEmbeddedWebApplicationContext@34123d65: startup date [Sat Nov 19 22:33:05 BDT 2016]; root of context hierarchy
2016-11-19 22:33:08.918  INFO 1268 --- [main] s.w.s.m.m.a.RequestMappingHandlerMapping : Mapped "{[/],methods=[GET]}" onto public java.lang.String com.nazmulpro.schoolNoticeBoard.controller.HomeController.showHome()
2016-11-19 22:33:08.925  INFO 1268 --- [main] s.w.s.m.m.a.RequestMappingHandlerMapping : Mapped "{[/error]}" onto public org.springframework.http.ResponseEntity<java.util.Map<java.lang.String, java.lang.Object>> org.springframework.boot.autoconfigure.web.BasicErrorController.error(javax.servlet.http.HttpServletRequest)
2016-11-19 22:33:08.926  INFO 1268 --- [main] s.w.s.m.m.a.RequestMappingHandlerMapping : Mapped "{[/error],produces=[text/html]}" onto public org.springframework.web.servlet.ModelAndView org.springframework.boot.autoconfigure.web.BasicErrorController.errorHtml(javax.servlet.http.HttpServletRequest,javax.servlet.http.HttpServletResponse)
2016-11-19 22:33:08.976  INFO 1268 --- [main] o.s.w.s.handler.SimpleUrlHandlerMapping  : Mapped URL path [/webjars/**] onto handler of type [class org.springframework.web.servlet.resource.ResourceHttpRequestHandler]
2016-11-19 22:33:08.987  INFO 1268 --- [main] o.s.w.s.handler.SimpleUrlHandlerMapping  : Mapped URL path [/**] onto handler of type [class org.springframework.web.servlet.resource.ResourceHttpRequestHandler]
2016-11-19 22:33:09.158  INFO 1268 --- [main] o.s.w.s.handler.SimpleUrlHandlerMapping  : Mapped URL path [/**/favicon.ico] onto handler of type [class org.springframework.web.servlet.resource.ResourceHttpRequestHandler]
2016-11-19 22:33:09.644  INFO 1268 --- [main] o.s.j.e.a.AnnotationMBeanExporter        : Registering beans for JMX exposure on startup
2016-11-19 22:33:09.727  INFO 1268 --- [main] s.b.c.e.t.TomcatEmbeddedServletContainer : Tomcat started on port(s): 8080 (http)
2016-11-19 22:33:09.734  INFO 1268 --- [main] c.n.s.AllSchoolNoticeBoardApplication    : Started AllSchoolNoticeBoardApplication in 4.83 seconds (JVM running for 5.401)
2016-11-19 22:33:15.556  INFO 1268 --- [http-nio-8080-exec-1] o.a.c.c.C.[Tomcat].[localhost].[/]       : Initializing Spring FrameworkServlet 'dispatcherServlet'
2016-11-19 22:33:15.556  INFO 1268 --- [http-nio-8080-exec-1] o.s.web.servlet.DispatcherServlet        : FrameworkServlet 'dispatcherServlet': initialization started
2016-11-19 22:33:15.580  INFO 1268 --- [http-nio-8080-exec-1] o.s.web.servlet.DispatcherServlet        : FrameworkServlet 'dispatcherServlet': initialization completed in 24 ms
2016-11-19 22:33:20.601 DEBUG 1268 --- [http-nio-8080-exec-2] c.n.s.controller.HomeController          : Rendering home page
2016-11-19 22:34:33.193  INFO 1268 --- [RMI TCP Connection(2)-10.50.253.123] inMXBeanRegistrar$SpringApplicationAdmin : Application shutdown requested.
2016-11-19 22:34:33.195  INFO 1268 --- [RMI TCP Connection(2)-10.50.253.123] ationConfigEmbeddedWebApplicationContext : Closing org.springframework.boot.context.embedded.AnnotationConfigEmbeddedWebApplicationContext@34123d65: startup date [Sat Nov 19 22:33:05 BDT 2016]; root of context hierarchy
2016-11-19 22:34:33.211  INFO 1268 --- [RMI TCP Connection(2)-10.50.253.123] o.s.j.e.a.AnnotationMBeanExporter        : Unregistering JMX-exposed beans on shutdown
2016-11-19 22:34:41.320  INFO 3816 --- [main] c.n.s.AllSchoolNoticeBoardApplication    : Starting AllSchoolNoticeBoardApplication on eXp with PID 3816 (F:\learn\allSchoolNoticeBoard\bin started by shadhin in F:\learn\allSchoolNoticeBoard)
2016-11-19 22:34:41.329 DEBUG 3816 --- [main] c.n.s.AllSchoolNoticeBoardApplication    : Running with Spring Boot v1.4.2.RELEASE, Spring v4.3.4.RELEASE
2016-11-19 22:34:41.330  INFO 3816 --- [main] c.n.s.AllSchoolNoticeBoardApplication    : No active profile set, falling back to default profiles: default
2016-11-19 22:34:41.425  INFO 3816 --- [main] ationConfigEmbeddedWebApplicationContext : Refreshing org.springframework.boot.context.embedded.AnnotationConfigEmbeddedWebApplicationContext@34123d65: startup date [Sat Nov 19 22:34:41 BDT 2016]; root of context hierarchy
2016-11-19 22:34:43.586  INFO 3816 --- [main] s.b.c.e.t.TomcatEmbeddedServletContainer : Tomcat initialized with port(s): 8080 (http)
2016-11-19 22:34:43.604  INFO 3816 --- [main] o.apache.catalina.core.StandardService   : Starting service Tomcat
2016-11-19 22:34:43.606  INFO 3816 --- [main] org.apache.catalina.core.StandardEngine  : Starting Servlet Engine: Apache Tomcat/8.5.6
2016-11-19 22:34:43.791  INFO 3816 --- [localhost-startStop-1] o.a.c.c.C.[Tomcat].[localhost].[/]       : Initializing Spring embedded WebApplicationContext
2016-11-19 22:34:43.804  INFO 3816 --- [localhost-startStop-1] o.s.web.context.ContextLoader            : Root WebApplicationContext: initialization completed in 2384 ms
2016-11-19 22:34:44.064  INFO 3816 --- [localhost-startStop-1] o.s.b.w.servlet.ServletRegistrationBean  : Mapping servlet: 'dispatcherServlet' to [/]
2016-11-19 22:34:44.071  INFO 3816 --- [localhost-startStop-1] o.s.b.w.servlet.FilterRegistrationBean   : Mapping filter: 'characterEncodingFilter' to: [/*]
2016-11-19 22:34:44.072  INFO 3816 --- [localhost-startStop-1] o.s.b.w.servlet.FilterRegistrationBean   : Mapping filter: 'hiddenHttpMethodFilter' to: [/*]
2016-11-19 22:34:44.072  INFO 3816 --- [localhost-startStop-1] o.s.b.w.servlet.FilterRegistrationBean   : Mapping filter: 'httpPutFormContentFilter' to: [/*]
2016-11-19 22:34:44.073  INFO 3816 --- [localhost-startStop-1] o.s.b.w.servlet.FilterRegistrationBean   : Mapping filter: 'requestContextFilter' to: [/*]
2016-11-19 22:34:44.598  INFO 3816 --- [main] s.w.s.m.m.a.RequestMappingHandlerAdapter : Looking for @ControllerAdvice: org.springframework.boot.context.embedded.AnnotationConfigEmbeddedWebApplicationContext@34123d65: startup date [Sat Nov 19 22:34:41 BDT 2016]; root of context hierarchy
2016-11-19 22:34:44.679  INFO 3816 --- [main] s.w.s.m.m.a.RequestMappingHandlerMapping : Mapped "{[/],methods=[GET]}" onto public java.lang.String com.nazmulpro.schoolNoticeBoard.controller.HomeController.showHome()
2016-11-19 22:34:44.688  INFO 3816 --- [main] s.w.s.m.m.a.RequestMappingHandlerMapping : Mapped "{[/error]}" onto public org.springframework.http.ResponseEntity<java.util.Map<java.lang.String, java.lang.Object>> org.springframework.boot.autoconfigure.web.BasicErrorController.error(javax.servlet.http.HttpServletRequest)
2016-11-19 22:34:44.688  INFO 3816 --- [main] s.w.s.m.m.a.RequestMappingHandlerMapping : Mapped "{[/error],produces=[text/html]}" onto public org.springframework.web.servlet.ModelAndView org.springframework.boot.autoconfigure.web.BasicErrorController.errorHtml(javax.servlet.http.HttpServletRequest,javax.servlet.http.HttpServletResponse)
2016-11-19 22:34:44.743  INFO 3816 --- [main] o.s.w.s.handler.SimpleUrlHandlerMapping  : Mapped URL path [/webjars/**] onto handler of type [class org.springframework.web.servlet.resource.ResourceHttpRequestHandler]
2016-11-19 22:34:44.744  INFO 3816 --- [main] o.s.w.s.handler.SimpleUrlHandlerMapping  : Mapped URL path [/**] onto handler of type [class org.springframework.web.servlet.resource.ResourceHttpRequestHandler]
2016-11-19 22:34:44.842  INFO 3816 --- [main] o.s.w.s.handler.SimpleUrlHandlerMapping  : Mapped URL path [/**/favicon.ico] onto handler of type [class org.springframework.web.servlet.resource.ResourceHttpRequestHandler]
2016-11-19 22:34:45.251  INFO 3816 --- [main] o.s.j.e.a.AnnotationMBeanExporter        : Registering beans for JMX exposure on startup
2016-11-19 22:34:45.331  INFO 3816 --- [main] s.b.c.e.t.TomcatEmbeddedServletContainer : Tomcat started on port(s): 8080 (http)
2016-11-19 22:34:45.337  INFO 3816 --- [main] c.n.s.AllSchoolNoticeBoardApplication    : Started AllSchoolNoticeBoardApplication in 4.599 seconds (JVM running for 5.244)
2016-11-19 22:34:52.224  INFO 3816 --- [http-nio-8080-exec-1] o.a.c.c.C.[Tomcat].[localhost].[/]       : Initializing Spring FrameworkServlet 'dispatcherServlet'
2016-11-19 22:34:52.224  INFO 3816 --- [http-nio-8080-exec-1] o.s.web.servlet.DispatcherServlet        : FrameworkServlet 'dispatcherServlet': initialization started
2016-11-19 22:34:52.245  INFO 3816 --- [http-nio-8080-exec-1] o.s.web.servlet.DispatcherServlet        : FrameworkServlet 'dispatcherServlet': initialization completed in 20 ms
2016-11-19 22:34:52.291 DEBUG 3816 --- [http-nio-8080-exec-1] c.n.s.controller.HomeController          : Rendering home page
2016-11-19 22:36:18.546  INFO 3816 --- [RMI TCP Connection(2)-10.50.253.123] inMXBeanRegistrar$SpringApplicationAdmin : Application shutdown requested.
2016-11-19 22:36:18.546  INFO 3816 --- [RMI TCP Connection(2)-10.50.253.123] ationConfigEmbeddedWebApplicationContext : Closing org.springframework.boot.context.embedded.AnnotationConfigEmbeddedWebApplicationContext@34123d65: startup date [Sat Nov 19 22:34:41 BDT 2016]; root of context hierarchy
2016-11-19 22:36:18.550  INFO 3816 --- [RMI TCP Connection(2)-10.50.253.123] o.s.j.e.a.AnnotationMBeanExporter        : Unregistering JMX-exposed beans on shutdown
2016-11-19 22:36:27.233  INFO 3060 --- [main] c.n.s.AllSchoolNoticeBoardApplication    : Starting AllSchoolNoticeBoardApplication on eXp with PID 3060 (F:\learn\allSchoolNoticeBoard\bin started by shadhin in F:\learn\allSchoolNoticeBoard)
2016-11-19 22:36:27.238 DEBUG 3060 --- [main] c.n.s.AllSchoolNoticeBoardApplication    : Running with Spring Boot v1.4.2.RELEASE, Spring v4.3.4.RELEASE
2016-11-19 22:36:27.238  INFO 3060 --- [main] c.n.s.AllSchoolNoticeBoardApplication    : No active profile set, falling back to default profiles: default
2016-11-19 22:36:27.321  INFO 3060 --- [main] ationConfigEmbeddedWebApplicationContext : Refreshing org.springframework.boot.context.embedded.AnnotationConfigEmbeddedWebApplicationContext@34123d65: startup date [Sat Nov 19 22:36:27 BDT 2016]; root of context hierarchy
2016-11-19 22:36:29.428  INFO 3060 --- [main] s.b.c.e.t.TomcatEmbeddedServletContainer : Tomcat initialized with port(s): 8080 (http)
2016-11-19 22:36:29.439  INFO 3060 --- [main] o.apache.catalina.core.StandardService   : Starting service Tomcat
2016-11-19 22:36:29.441  INFO 3060 --- [main] org.apache.catalina.core.StandardEngine  : Starting Servlet Engine: Apache Tomcat/8.5.6
2016-11-19 22:36:29.605  INFO 3060 --- [localhost-startStop-1] o.a.c.c.C.[Tomcat].[localhost].[/]       : Initializing Spring embedded WebApplicationContext
2016-11-19 22:36:29.607  INFO 3060 --- [localhost-startStop-1] o.s.web.context.ContextLoader            : Root WebApplicationContext: initialization completed in 2290 ms
2016-11-19 22:36:29.871  INFO 3060 --- [localhost-startStop-1] o.s.b.w.servlet.ServletRegistrationBean  : Mapping servlet: 'dispatcherServlet' to [/]
2016-11-19 22:36:29.877  INFO 3060 --- [localhost-startStop-1] o.s.b.w.servlet.FilterRegistrationBean   : Mapping filter: 'characterEncodingFilter' to: [/*]
2016-11-19 22:36:29.878  INFO 3060 --- [localhost-startStop-1] o.s.b.w.servlet.FilterRegistrationBean   : Mapping filter: 'hiddenHttpMethodFilter' to: [/*]
2016-11-19 22:36:29.879  INFO 3060 --- [localhost-startStop-1] o.s.b.w.servlet.FilterRegistrationBean   : Mapping filter: 'httpPutFormContentFilter' to: [/*]
2016-11-19 22:36:29.879  INFO 3060 --- [localhost-startStop-1] o.s.b.w.servlet.FilterRegistrationBean   : Mapping filter: 'requestContextFilter' to: [/*]
2016-11-19 22:36:30.407  INFO 3060 --- [main] s.w.s.m.m.a.RequestMappingHandlerAdapter : Looking for @ControllerAdvice: org.springframework.boot.context.embedded.AnnotationConfigEmbeddedWebApplicationContext@34123d65: startup date [Sat Nov 19 22:36:27 BDT 2016]; root of context hierarchy
2016-11-19 22:36:30.528  INFO 3060 --- [main] s.w.s.m.m.a.RequestMappingHandlerMapping : Mapped "{[/],methods=[GET]}" onto public java.lang.String com.nazmulpro.schoolNoticeBoard.controller.HomeController.showHome()
2016-11-19 22:36:30.543  INFO 3060 --- [main] s.w.s.m.m.a.RequestMappingHandlerMapping : Mapped "{[/error]}" onto public org.springframework.http.ResponseEntity<java.util.Map<java.lang.String, java.lang.Object>> org.springframework.boot.autoconfigure.web.BasicErrorController.error(javax.servlet.http.HttpServletRequest)
2016-11-19 22:36:30.544  INFO 3060 --- [main] s.w.s.m.m.a.RequestMappingHandlerMapping : Mapped "{[/error],produces=[text/html]}" onto public org.springframework.web.servlet.ModelAndView org.springframework.boot.autoconfigure.web.BasicErrorController.errorHtml(javax.servlet.http.HttpServletRequest,javax.servlet.http.HttpServletResponse)
2016-11-19 22:36:30.592  INFO 3060 --- [main] o.s.w.s.handler.SimpleUrlHandlerMapping  : Mapped URL path [/webjars/**] onto handler of type [class org.springframework.web.servlet.resource.ResourceHttpRequestHandler]
2016-11-19 22:36:30.594  INFO 3060 --- [main] o.s.w.s.handler.SimpleUrlHandlerMapping  : Mapped URL path [/**] onto handler of type [class org.springframework.web.servlet.resource.ResourceHttpRequestHandler]
2016-11-19 22:36:30.690  INFO 3060 --- [main] o.s.w.s.handler.SimpleUrlHandlerMapping  : Mapped URL path [/**/favicon.ico] onto handler of type [class org.springframework.web.servlet.resource.ResourceHttpRequestHandler]
2016-11-19 22:36:31.094  INFO 3060 --- [main] o.s.j.e.a.AnnotationMBeanExporter        : Registering beans for JMX exposure on startup
2016-11-19 22:36:31.168  INFO 3060 --- [main] s.b.c.e.t.TomcatEmbeddedServletContainer : Tomcat started on port(s): 8080 (http)
2016-11-19 22:36:31.174  INFO 3060 --- [main] c.n.s.AllSchoolNoticeBoardApplication    : Started AllSchoolNoticeBoardApplication in 4.527 seconds (JVM running for 5.091)
2016-11-19 22:36:36.791  INFO 3060 --- [http-nio-8080-exec-1] o.a.c.c.C.[Tomcat].[localhost].[/]       : Initializing Spring FrameworkServlet 'dispatcherServlet'
2016-11-19 22:36:36.792  INFO 3060 --- [http-nio-8080-exec-1] o.s.web.servlet.DispatcherServlet        : FrameworkServlet 'dispatcherServlet': initialization started
2016-11-19 22:36:36.816  INFO 3060 --- [http-nio-8080-exec-1] o.s.web.servlet.DispatcherServlet        : FrameworkServlet 'dispatcherServlet': initialization completed in 24 ms
2016-11-19 22:38:38.321  INFO 3060 --- [RMI TCP Connection(2)-10.50.253.123] inMXBeanRegistrar$SpringApplicationAdmin : Application shutdown requested.
2016-11-19 22:38:38.324  INFO 3060 --- [RMI TCP Connection(2)-10.50.253.123] ationConfigEmbeddedWebApplicationContext : Closing org.springframework.boot.context.embedded.AnnotationConfigEmbeddedWebApplicationContext@34123d65: startup date [Sat Nov 19 22:36:27 BDT 2016]; root of context hierarchy
2016-11-19 22:38:38.340  INFO 3060 --- [RMI TCP Connection(2)-10.50.253.123] o.s.j.e.a.AnnotationMBeanExporter        : Unregistering JMX-exposed beans on shutdown
2016-11-19 22:38:44.957  INFO 2340 --- [main] c.n.s.AllSchoolNoticeBoardApplication    : Starting AllSchoolNoticeBoardApplication on eXp with PID 2340 (F:\learn\allSchoolNoticeBoard\bin started by shadhin in F:\learn\allSchoolNoticeBoard)
2016-11-19 22:38:44.961 DEBUG 2340 --- [main] c.n.s.AllSchoolNoticeBoardApplication    : Running with Spring Boot v1.4.2.RELEASE, Spring v4.3.4.RELEASE
2016-11-19 22:38:44.962  INFO 2340 --- [main] c.n.s.AllSchoolNoticeBoardApplication    : No active profile set, falling back to default profiles: default
2016-11-19 22:38:45.049  INFO 2340 --- [main] ationConfigEmbeddedWebApplicationContext : Refreshing org.springframework.boot.context.embedded.AnnotationConfigEmbeddedWebApplicationContext@34123d65: startup date [Sat Nov 19 22:38:45 BDT 2016]; root of context hierarchy
2016-11-19 22:38:47.216  INFO 2340 --- [main] s.b.c.e.t.TomcatEmbeddedServletContainer : Tomcat initialized with port(s): 8080 (http)
2016-11-19 22:38:47.227  INFO 2340 --- [main] o.apache.catalina.core.StandardService   : Starting service Tomcat
2016-11-19 22:38:47.229  INFO 2340 --- [main] org.apache.catalina.core.StandardEngine  : Starting Servlet Engine: Apache Tomcat/8.5.6
2016-11-19 22:38:47.395  INFO 2340 --- [localhost-startStop-1] o.a.c.c.C.[Tomcat].[localhost].[/]       : Initializing Spring embedded WebApplicationContext
2016-11-19 22:38:47.396  INFO 2340 --- [localhost-startStop-1] o.s.web.context.ContextLoader            : Root WebApplicationContext: initialization completed in 2350 ms
2016-11-19 22:38:47.649  INFO 2340 --- [localhost-startStop-1] o.s.b.w.servlet.ServletRegistrationBean  : Mapping servlet: 'dispatcherServlet' to [/]
2016-11-19 22:38:47.654  INFO 2340 --- [localhost-startStop-1] o.s.b.w.servlet.FilterRegistrationBean   : Mapping filter: 'characterEncodingFilter' to: [/*]
2016-11-19 22:38:47.655  INFO 2340 --- [localhost-startStop-1] o.s.b.w.servlet.FilterRegistrationBean   : Mapping filter: 'hiddenHttpMethodFilter' to: [/*]
2016-11-19 22:38:47.656  INFO 2340 --- [localhost-startStop-1] o.s.b.w.servlet.FilterRegistrationBean   : Mapping filter: 'httpPutFormContentFilter' to: [/*]
2016-11-19 22:38:47.656  INFO 2340 --- [localhost-startStop-1] o.s.b.w.servlet.FilterRegistrationBean   : Mapping filter: 'requestContextFilter' to: [/*]
2016-11-19 22:38:48.242  INFO 2340 --- [main] s.w.s.m.m.a.RequestMappingHandlerAdapter : Looking for @ControllerAdvice: org.springframework.boot.context.embedded.AnnotationConfigEmbeddedWebApplicationContext@34123d65: startup date [Sat Nov 19 22:38:45 BDT 2016]; root of context hierarchy
2016-11-19 22:38:48.355  INFO 2340 --- [main] s.w.s.m.m.a.RequestMappingHandlerMapping : Mapped "{[/{boardName}],methods=[GET]}" onto public java.lang.String com.nazmulpro.schoolNoticeBoard.controller.BoardController.showBoard(java.lang.String,org.springframework.ui.Model)
2016-11-19 22:38:48.359  INFO 2340 --- [main] s.w.s.m.m.a.RequestMappingHandlerMapping : Mapped "{[/],methods=[GET]}" onto public java.lang.String com.nazmulpro.schoolNoticeBoard.controller.HomeController.showHome()
2016-11-19 22:38:48.371  INFO 2340 --- [main] s.w.s.m.m.a.RequestMappingHandlerMapping : Mapped "{[/error]}" onto public org.springframework.http.ResponseEntity<java.util.Map<java.lang.String, java.lang.Object>> org.springframework.boot.autoconfigure.web.BasicErrorController.error(javax.servlet.http.HttpServletRequest)
2016-11-19 22:38:48.373  INFO 2340 --- [main] s.w.s.m.m.a.RequestMappingHandlerMapping : Mapped "{[/error],produces=[text/html]}" onto public org.springframework.web.servlet.ModelAndView org.springframework.boot.autoconfigure.web.BasicErrorController.errorHtml(javax.servlet.http.HttpServletRequest,javax.servlet.http.HttpServletResponse)
2016-11-19 22:38:48.425  INFO 2340 --- [main] o.s.w.s.handler.SimpleUrlHandlerMapping  : Mapped URL path [/webjars/**] onto handler of type [class org.springframework.web.servlet.resource.ResourceHttpRequestHandler]
2016-11-19 22:38:48.425  INFO 2340 --- [main] o.s.w.s.handler.SimpleUrlHandlerMapping  : Mapped URL path [/**] onto handler of type [class org.springframework.web.servlet.resource.ResourceHttpRequestHandler]
2016-11-19 22:38:48.485  INFO 2340 --- [main] o.s.w.s.handler.SimpleUrlHandlerMapping  : Mapped URL path [/**/favicon.ico] onto handler of type [class org.springframework.web.servlet.resource.ResourceHttpRequestHandler]
2016-11-19 22:38:48.908  INFO 2340 --- [main] o.s.j.e.a.AnnotationMBeanExporter        : Registering beans for JMX exposure on startup
2016-11-19 22:38:48.977  INFO 2340 --- [main] s.b.c.e.t.TomcatEmbeddedServletContainer : Tomcat started on port(s): 8080 (http)
2016-11-19 22:38:48.983  INFO 2340 --- [main] c.n.s.AllSchoolNoticeBoardApplication    : Started AllSchoolNoticeBoardApplication in 4.588 seconds (JVM running for 5.148)
2016-11-19 22:38:54.833  INFO 2340 --- [http-nio-8080-exec-1] o.a.c.c.C.[Tomcat].[localhost].[/]       : Initializing Spring FrameworkServlet 'dispatcherServlet'
2016-11-19 22:38:54.833  INFO 2340 --- [http-nio-8080-exec-1] o.s.web.servlet.DispatcherServlet        : FrameworkServlet 'dispatcherServlet': initialization started
2016-11-19 22:38:54.860  INFO 2340 --- [http-nio-8080-exec-1] o.s.web.servlet.DispatcherServlet        : FrameworkServlet 'dispatcherServlet': initialization completed in 26 ms
2016-11-19 22:38:54.897 DEBUG 2340 --- [http-nio-8080-exec-1] c.n.s.controller.HomeController          : Rendering home page
2016-11-19 22:39:03.809 DEBUG 2340 --- [http-nio-8080-exec-2] c.n.s.controller.BoardController         : Rendering view for board: bismillah
2016-11-20 22:15:57.040  INFO 1452 --- [main] c.n.s.AllSchoolNoticeBoardApplication    : Starting AllSchoolNoticeBoardApplication on eXp with PID 1452 (F:\learn\allSchoolNoticeBoard\bin started by shadhin in F:\learn\allSchoolNoticeBoard)
2016-11-20 22:15:57.092 DEBUG 1452 --- [main] c.n.s.AllSchoolNoticeBoardApplication    : Running with Spring Boot v1.4.2.RELEASE, Spring v4.3.4.RELEASE
2016-11-20 22:15:57.093  INFO 1452 --- [main] c.n.s.AllSchoolNoticeBoardApplication    : No active profile set, falling back to default profiles: default
2016-11-20 22:15:57.222  INFO 1452 --- [main] ationConfigEmbeddedWebApplicationContext : Refreshing org.springframework.boot.context.embedded.AnnotationConfigEmbeddedWebApplicationContext@292b08d6: startup date [Sun Nov 20 22:15:57 BDT 2016]; root of context hierarchy
2016-11-20 22:16:00.578  INFO 1452 --- [main] trationDelegate$BeanPostProcessorChecker : Bean 'org.springframework.transaction.annotation.ProxyTransactionManagementConfiguration' of type [class org.springframework.transaction.annotation.ProxyTransactionManagementConfiguration$$EnhancerBySpringCGLIB$$83d6c7e7] is not eligible for getting processed by all BeanPostProcessors (for example: not eligible for auto-proxying)
2016-11-20 22:16:01.425  INFO 1452 --- [main] s.b.c.e.t.TomcatEmbeddedServletContainer : Tomcat initialized with port(s): 8080 (http)
2016-11-20 22:16:01.466  INFO 1452 --- [main] o.apache.catalina.core.StandardService   : Starting service Tomcat
2016-11-20 22:16:01.468  INFO 1452 --- [main] org.apache.catalina.core.StandardEngine  : Starting Servlet Engine: Apache Tomcat/8.5.6
2016-11-20 22:16:01.747  INFO 1452 --- [localhost-startStop-1] o.a.c.c.C.[Tomcat].[localhost].[/]       : Initializing Spring embedded WebApplicationContext
2016-11-20 22:16:01.748  INFO 1452 --- [localhost-startStop-1] o.s.web.context.ContextLoader            : Root WebApplicationContext: initialization completed in 4529 ms
2016-11-20 22:16:01.998  INFO 1452 --- [localhost-startStop-1] o.s.b.w.servlet.ServletRegistrationBean  : Mapping servlet: 'dispatcherServlet' to [/]
2016-11-20 22:16:02.006  INFO 1452 --- [localhost-startStop-1] o.s.b.w.servlet.FilterRegistrationBean   : Mapping filter: 'characterEncodingFilter' to: [/*]
2016-11-20 22:16:02.006  INFO 1452 --- [localhost-startStop-1] o.s.b.w.servlet.FilterRegistrationBean   : Mapping filter: 'hiddenHttpMethodFilter' to: [/*]
2016-11-20 22:16:02.007  INFO 1452 --- [localhost-startStop-1] o.s.b.w.servlet.FilterRegistrationBean   : Mapping filter: 'httpPutFormContentFilter' to: [/*]
2016-11-20 22:16:02.007  INFO 1452 --- [localhost-startStop-1] o.s.b.w.servlet.FilterRegistrationBean   : Mapping filter: 'requestContextFilter' to: [/*]
2016-11-20 22:16:02.619  INFO 1452 --- [main] j.LocalContainerEntityManagerFactoryBean : Building JPA container EntityManagerFactory for persistence unit 'default'
2016-11-20 22:16:02.681  INFO 1452 --- [main] o.hibernate.jpa.internal.util.LogHelper  : HHH000204: Processing PersistenceUnitInfo [
	name: default
	...]
2016-11-20 22:16:02.848  INFO 1452 --- [main] org.hibernate.Version                    : HHH000412: Hibernate Core {5.0.11.Final}
2016-11-20 22:16:02.851  INFO 1452 --- [main] org.hibernate.cfg.Environment            : HHH000206: hibernate.properties not found
2016-11-20 22:16:02.854  INFO 1452 --- [main] org.hibernate.cfg.Environment            : HHH000021: Bytecode provider name : javassist
2016-11-20 22:16:02.955  INFO 1452 --- [main] o.hibernate.annotations.common.Version   : HCANN000001: Hibernate Commons Annotations {5.0.1.Final}
2016-11-20 22:16:03.763  INFO 1452 --- [main] org.hibernate.dialect.Dialect            : HHH000400: Using dialect: org.hibernate.dialect.MySQL5InnoDBDialect
2016-11-20 22:16:04.104  INFO 1452 --- [main] org.hibernate.tool.hbm2ddl.SchemaUpdate  : HHH000228: Running hbm2ddl schema update
2016-11-20 22:16:04.169  INFO 1452 --- [main] j.LocalContainerEntityManagerFactoryBean : Initialized JPA EntityManagerFactory for persistence unit 'default'
2016-11-20 22:16:04.671  INFO 1452 --- [main] s.w.s.m.m.a.RequestMappingHandlerAdapter : Looking for @ControllerAdvice: org.springframework.boot.context.embedded.AnnotationConfigEmbeddedWebApplicationContext@292b08d6: startup date [Sun Nov 20 22:15:57 BDT 2016]; root of context hierarchy
2016-11-20 22:16:04.823  INFO 1452 --- [main] s.w.s.m.m.a.RequestMappingHandlerMapping : Mapped "{[/{boardName}],methods=[GET]}" onto public java.lang.String com.nazmulpro.schoolNoticeBoard.controller.BoardController.showBoard(java.lang.String,org.springframework.ui.Model)
2016-11-20 22:16:04.825  INFO 1452 --- [main] s.w.s.m.m.a.RequestMappingHandlerMapping : Mapped "{[/],methods=[GET]}" onto public java.lang.String com.nazmulpro.schoolNoticeBoard.controller.HomeController.showHome()
2016-11-20 22:16:04.834  INFO 1452 --- [main] s.w.s.m.m.a.RequestMappingHandlerMapping : Mapped "{[/error]}" onto public org.springframework.http.ResponseEntity<java.util.Map<java.lang.String, java.lang.Object>> org.springframework.boot.autoconfigure.web.BasicErrorController.error(javax.servlet.http.HttpServletRequest)
2016-11-20 22:16:04.836  INFO 1452 --- [main] s.w.s.m.m.a.RequestMappingHandlerMapping : Mapped "{[/error],produces=[text/html]}" onto public org.springframework.web.servlet.ModelAndView org.springframework.boot.autoconfigure.web.BasicErrorController.errorHtml(javax.servlet.http.HttpServletRequest,javax.servlet.http.HttpServletResponse)
2016-11-20 22:16:04.892  INFO 1452 --- [main] o.s.w.s.handler.SimpleUrlHandlerMapping  : Mapped URL path [/webjars/**] onto handler of type [class org.springframework.web.servlet.resource.ResourceHttpRequestHandler]
2016-11-20 22:16:04.893  INFO 1452 --- [main] o.s.w.s.handler.SimpleUrlHandlerMapping  : Mapped URL path [/**] onto handler of type [class org.springframework.web.servlet.resource.ResourceHttpRequestHandler]
2016-11-20 22:16:04.976  INFO 1452 --- [main] o.s.w.s.handler.SimpleUrlHandlerMapping  : Mapped URL path [/**/favicon.ico] onto handler of type [class org.springframework.web.servlet.resource.ResourceHttpRequestHandler]
2016-11-20 22:16:05.775  INFO 1452 --- [main] o.s.j.e.a.AnnotationMBeanExporter        : Registering beans for JMX exposure on startup
2016-11-20 22:16:05.914  INFO 1452 --- [main] s.b.c.e.t.TomcatEmbeddedServletContainer : Tomcat started on port(s): 8080 (http)
2016-11-20 22:16:05.921  INFO 1452 --- [main] c.n.s.AllSchoolNoticeBoardApplication    : Started AllSchoolNoticeBoardApplication in 9.906 seconds (JVM running for 11.596)
2016-11-20 22:16:29.586  INFO 1452 --- [http-nio-8080-exec-1] o.a.c.c.C.[Tomcat].[localhost].[/]       : Initializing Spring FrameworkServlet 'dispatcherServlet'
2016-11-20 22:16:29.587  INFO 1452 --- [http-nio-8080-exec-1] o.s.web.servlet.DispatcherServlet        : FrameworkServlet 'dispatcherServlet': initialization started
2016-11-20 22:16:29.604  INFO 1452 --- [http-nio-8080-exec-1] o.s.web.servlet.DispatcherServlet        : FrameworkServlet 'dispatcherServlet': initialization completed in 17 ms
2016-11-20 22:16:29.851 DEBUG 1452 --- [http-nio-8080-exec-1] c.n.s.controller.HomeController          : Rendering home page
2016-11-20 22:16:46.307 DEBUG 1452 --- [http-nio-8080-exec-9] c.n.s.controller.BoardController         : Rendering view for board: ok
2016-11-20 22:36:05.650  INFO 1452 --- [RMI TCP Connection(2)-10.50.252.232] inMXBeanRegistrar$SpringApplicationAdmin : Application shutdown requested.
2016-11-20 22:36:05.674  INFO 1452 --- [RMI TCP Connection(2)-10.50.252.232] ationConfigEmbeddedWebApplicationContext : Closing org.springframework.boot.context.embedded.AnnotationConfigEmbeddedWebApplicationContext@292b08d6: startup date [Sun Nov 20 22:15:57 BDT 2016]; root of context hierarchy
2016-11-20 22:36:05.677  INFO 1452 --- [RMI TCP Connection(2)-10.50.252.232] o.s.j.e.a.AnnotationMBeanExporter        : Unregistering JMX-exposed beans on shutdown
2016-11-20 22:36:05.684  INFO 1452 --- [RMI TCP Connection(2)-10.50.252.232] j.LocalContainerEntityManagerFactoryBean : Closing JPA EntityManagerFactory for persistence unit 'default'
2016-11-20 23:21:00.911  INFO 4680 --- [main] c.n.s.AllSchoolNoticeBoardApplication    : Starting AllSchoolNoticeBoardApplication on eXp with PID 4680 (F:\learn\allSchoolNoticeBoard\bin started by shadhin in F:\learn\allSchoolNoticeBoard)
2016-11-20 23:21:00.954 DEBUG 4680 --- [main] c.n.s.AllSchoolNoticeBoardApplication    : Running with Spring Boot v1.4.2.RELEASE, Spring v4.3.4.RELEASE
2016-11-20 23:21:00.955  INFO 4680 --- [main] c.n.s.AllSchoolNoticeBoardApplication    : No active profile set, falling back to default profiles: default
2016-11-20 23:21:01.134  INFO 4680 --- [main] ationConfigEmbeddedWebApplicationContext : Refreshing org.springframework.boot.context.embedded.AnnotationConfigEmbeddedWebApplicationContext@292b08d6: startup date [Sun Nov 20 23:21:01 BDT 2016]; root of context hierarchy
2016-11-20 23:21:03.881  INFO 4680 --- [main] trationDelegate$BeanPostProcessorChecker : Bean 'org.springframework.transaction.annotation.ProxyTransactionManagementConfiguration' of type [class org.springframework.transaction.annotation.ProxyTransactionManagementConfiguration$$EnhancerBySpringCGLIB$$c8bb20fd] is not eligible for getting processed by all BeanPostProcessors (for example: not eligible for auto-proxying)
2016-11-20 23:21:04.668  INFO 4680 --- [main] s.b.c.e.t.TomcatEmbeddedServletContainer : Tomcat initialized with port(s): 8080 (http)
2016-11-20 23:21:04.700  INFO 4680 --- [main] o.apache.catalina.core.StandardService   : Starting service Tomcat
2016-11-20 23:21:04.702  INFO 4680 --- [main] org.apache.catalina.core.StandardEngine  : Starting Servlet Engine: Apache Tomcat/8.5.6
2016-11-20 23:21:05.022  INFO 4680 --- [localhost-startStop-1] o.a.c.c.C.[Tomcat].[localhost].[/]       : Initializing Spring embedded WebApplicationContext
2016-11-20 23:21:05.023  INFO 4680 --- [localhost-startStop-1] o.s.web.context.ContextLoader            : Root WebApplicationContext: initialization completed in 3911 ms
2016-11-20 23:21:05.285  INFO 4680 --- [localhost-startStop-1] o.s.b.w.servlet.ServletRegistrationBean  : Mapping servlet: 'dispatcherServlet' to [/]
2016-11-20 23:21:05.291  INFO 4680 --- [localhost-startStop-1] o.s.b.w.servlet.FilterRegistrationBean   : Mapping filter: 'characterEncodingFilter' to: [/*]
2016-11-20 23:21:05.292  INFO 4680 --- [localhost-startStop-1] o.s.b.w.servlet.FilterRegistrationBean   : Mapping filter: 'hiddenHttpMethodFilter' to: [/*]
2016-11-20 23:21:05.293  INFO 4680 --- [localhost-startStop-1] o.s.b.w.servlet.FilterRegistrationBean   : Mapping filter: 'httpPutFormContentFilter' to: [/*]
2016-11-20 23:21:05.293  INFO 4680 --- [localhost-startStop-1] o.s.b.w.servlet.FilterRegistrationBean   : Mapping filter: 'requestContextFilter' to: [/*]
2016-11-20 23:21:05.767  INFO 4680 --- [main] j.LocalContainerEntityManagerFactoryBean : Building JPA container EntityManagerFactory for persistence unit 'default'
2016-11-20 23:21:05.790  INFO 4680 --- [main] o.hibernate.jpa.internal.util.LogHelper  : HHH000204: Processing PersistenceUnitInfo [
	name: default
	...]
2016-11-20 23:21:05.921  INFO 4680 --- [main] org.hibernate.Version                    : HHH000412: Hibernate Core {5.0.11.Final}
2016-11-20 23:21:05.923  INFO 4680 --- [main] org.hibernate.cfg.Environment            : HHH000206: hibernate.properties not found
2016-11-20 23:21:05.925  INFO 4680 --- [main] org.hibernate.cfg.Environment            : HHH000021: Bytecode provider name : javassist
2016-11-20 23:21:06.003  INFO 4680 --- [main] o.hibernate.annotations.common.Version   : HCANN000001: Hibernate Commons Annotations {5.0.1.Final}
2016-11-20 23:21:06.793  INFO 4680 --- [main] org.hibernate.dialect.Dialect            : HHH000400: Using dialect: org.hibernate.dialect.MySQL5InnoDBDialect
2016-11-20 23:21:07.413  INFO 4680 --- [main] org.hibernate.tool.hbm2ddl.SchemaUpdate  : HHH000228: Running hbm2ddl schema update
2016-11-20 23:21:07.429  INFO 4680 --- [main] rmationExtractorJdbcDatabaseMetaDataImpl : HHH000262: Table not found: `board`
2016-11-20 23:21:07.430  INFO 4680 --- [main] rmationExtractorJdbcDatabaseMetaDataImpl : HHH000262: Table not found: `board`
2016-11-20 23:21:08.383  INFO 4680 --- [main] j.LocalContainerEntityManagerFactoryBean : Initialized JPA EntityManagerFactory for persistence unit 'default'
2016-11-20 23:21:08.897  INFO 4680 --- [main] s.w.s.m.m.a.RequestMappingHandlerAdapter : Looking for @ControllerAdvice: org.springframework.boot.context.embedded.AnnotationConfigEmbeddedWebApplicationContext@292b08d6: startup date [Sun Nov 20 23:21:01 BDT 2016]; root of context hierarchy
2016-11-20 23:21:09.042  INFO 4680 --- [main] s.w.s.m.m.a.RequestMappingHandlerMapping : Mapped "{[/{boardName}],methods=[GET]}" onto public java.lang.String com.nazmulpro.schoolNoticeBoard.controller.BoardController.showBoard(java.lang.String,org.springframework.ui.Model)
2016-11-20 23:21:09.043  INFO 4680 --- [main] s.w.s.m.m.a.RequestMappingHandlerMapping : Mapped "{[/],methods=[GET]}" onto public java.lang.String com.nazmulpro.schoolNoticeBoard.controller.HomeController.showHome()
2016-11-20 23:21:09.050  INFO 4680 --- [main] s.w.s.m.m.a.RequestMappingHandlerMapping : Mapped "{[/error]}" onto public org.springframework.http.ResponseEntity<java.util.Map<java.lang.String, java.lang.Object>> org.springframework.boot.autoconfigure.web.BasicErrorController.error(javax.servlet.http.HttpServletRequest)
2016-11-20 23:21:09.051  INFO 4680 --- [main] s.w.s.m.m.a.RequestMappingHandlerMapping : Mapped "{[/error],produces=[text/html]}" onto public org.springframework.web.servlet.ModelAndView org.springframework.boot.autoconfigure.web.BasicErrorController.errorHtml(javax.servlet.http.HttpServletRequest,javax.servlet.http.HttpServletResponse)
2016-11-20 23:21:09.105  INFO 4680 --- [main] o.s.w.s.handler.SimpleUrlHandlerMapping  : Mapped URL path [/webjars/**] onto handler of type [class org.springframework.web.servlet.resource.ResourceHttpRequestHandler]
2016-11-20 23:21:09.106  INFO 4680 --- [main] o.s.w.s.handler.SimpleUrlHandlerMapping  : Mapped URL path [/**] onto handler of type [class org.springframework.web.servlet.resource.ResourceHttpRequestHandler]
2016-11-20 23:21:09.181  INFO 4680 --- [main] o.s.w.s.handler.SimpleUrlHandlerMapping  : Mapped URL path [/**/favicon.ico] onto handler of type [class org.springframework.web.servlet.resource.ResourceHttpRequestHandler]
2016-11-20 23:21:09.889  INFO 4680 --- [main] o.s.j.e.a.AnnotationMBeanExporter        : Registering beans for JMX exposure on startup
2016-11-20 23:21:10.050  INFO 4680 --- [main] s.b.c.e.t.TomcatEmbeddedServletContainer : Tomcat started on port(s): 8080 (http)
2016-11-20 23:21:10.068  INFO 4680 --- [main] c.n.s.AllSchoolNoticeBoardApplication    : Started AllSchoolNoticeBoardApplication in 9.789 seconds (JVM running for 11.606)
2016-11-20 23:46:07.504  INFO 4680 --- [RMI TCP Connection(2)-10.50.252.232] inMXBeanRegistrar$SpringApplicationAdmin : Application shutdown requested.
2016-11-20 23:46:07.505  INFO 4680 --- [RMI TCP Connection(2)-10.50.252.232] ationConfigEmbeddedWebApplicationContext : Closing org.springframework.boot.context.embedded.AnnotationConfigEmbeddedWebApplicationContext@292b08d6: startup date [Sun Nov 20 23:21:01 BDT 2016]; root of context hierarchy
2016-11-20 23:46:07.507  INFO 4680 --- [RMI TCP Connection(2)-10.50.252.232] o.s.j.e.a.AnnotationMBeanExporter        : Unregistering JMX-exposed beans on shutdown
2016-11-20 23:46:07.508  INFO 4680 --- [RMI TCP Connection(2)-10.50.252.232] j.LocalContainerEntityManagerFactoryBean : Closing JPA EntityManagerFactory for persistence unit 'default'
2016-11-20 23:48:09.034  INFO 1380 --- [main] c.n.s.repository.BoardRepositoryTest     : Starting BoardRepositoryTest on eXp with PID 1380 (started by shadhin in F:\learn\allSchoolNoticeBoard)
2016-11-20 23:48:09.040 DEBUG 1380 --- [main] c.n.s.repository.BoardRepositoryTest     : Running with Spring Boot v1.4.2.RELEASE, Spring v4.3.4.RELEASE
2016-11-20 23:48:09.041  INFO 1380 --- [main] c.n.s.repository.BoardRepositoryTest     : No active profile set, falling back to default profiles: default
2016-11-20 23:48:09.148  INFO 1380 --- [main] o.s.w.c.s.GenericWebApplicationContext   : Refreshing org.springframework.web.context.support.GenericWebApplicationContext@6283d8b8: startup date [Sun Nov 20 23:48:09 BDT 2016]; root of context hierarchy
2016-11-20 23:48:11.298  INFO 1380 --- [main] trationDelegate$BeanPostProcessorChecker : Bean 'org.springframework.transaction.annotation.ProxyTransactionManagementConfiguration' of type [class org.springframework.transaction.annotation.ProxyTransactionManagementConfiguration$$EnhancerBySpringCGLIB$$d963a362] is not eligible for getting processed by all BeanPostProcessors (for example: not eligible for auto-proxying)
2016-11-20 23:48:11.963  INFO 1380 --- [main] j.LocalContainerEntityManagerFactoryBean : Building JPA container EntityManagerFactory for persistence unit 'default'
2016-11-20 23:48:11.987  INFO 1380 --- [main] o.hibernate.jpa.internal.util.LogHelper  : HHH000204: Processing PersistenceUnitInfo [
	name: default
	...]
2016-11-20 23:48:12.114  INFO 1380 --- [main] org.hibernate.Version                    : HHH000412: Hibernate Core {5.0.11.Final}
2016-11-20 23:48:12.117  INFO 1380 --- [main] org.hibernate.cfg.Environment            : HHH000206: hibernate.properties not found
2016-11-20 23:48:12.121  INFO 1380 --- [main] org.hibernate.cfg.Environment            : HHH000021: Bytecode provider name : javassist
2016-11-20 23:48:12.192  INFO 1380 --- [main] o.hibernate.annotations.common.Version   : HCANN000001: Hibernate Commons Annotations {5.0.1.Final}
2016-11-20 23:48:12.762  INFO 1380 --- [main] org.hibernate.dialect.Dialect            : HHH000400: Using dialect: org.hibernate.dialect.MySQL5InnoDBDialect
2016-11-20 23:48:13.382  INFO 1380 --- [main] org.hibernate.tool.hbm2ddl.SchemaUpdate  : HHH000228: Running hbm2ddl schema update
2016-11-20 23:48:13.532  INFO 1380 --- [main] j.LocalContainerEntityManagerFactoryBean : Initialized JPA EntityManagerFactory for persistence unit 'default'
2016-11-20 23:48:14.764  INFO 1380 --- [main] s.w.s.m.m.a.RequestMappingHandlerAdapter : Looking for @ControllerAdvice: org.springframework.web.context.support.GenericWebApplicationContext@6283d8b8: startup date [Sun Nov 20 23:48:09 BDT 2016]; root of context hierarchy
2016-11-20 23:48:14.857  INFO 1380 --- [main] s.w.s.m.m.a.RequestMappingHandlerMapping : Mapped "{[/{boardName}],methods=[GET]}" onto public java.lang.String com.nazmulpro.schoolNoticeBoard.controller.BoardController.showBoard(java.lang.String,org.springframework.ui.Model)
2016-11-20 23:48:14.858  INFO 1380 --- [main] s.w.s.m.m.a.RequestMappingHandlerMapping : Mapped "{[/],methods=[GET]}" onto public java.lang.String com.nazmulpro.schoolNoticeBoard.controller.HomeController.showHome()
2016-11-20 23:48:14.861  INFO 1380 --- [main] s.w.s.m.m.a.RequestMappingHandlerMapping : Mapped "{[/error]}" onto public org.springframework.http.ResponseEntity<java.util.Map<java.lang.String, java.lang.Object>> org.springframework.boot.autoconfigure.web.BasicErrorController.error(javax.servlet.http.HttpServletRequest)
2016-11-20 23:48:14.862  INFO 1380 --- [main] s.w.s.m.m.a.RequestMappingHandlerMapping : Mapped "{[/error],produces=[text/html]}" onto public org.springframework.web.servlet.ModelAndView org.springframework.boot.autoconfigure.web.BasicErrorController.errorHtml(javax.servlet.http.HttpServletRequest,javax.servlet.http.HttpServletResponse)
2016-11-20 23:48:14.923  INFO 1380 --- [main] o.s.w.s.handler.SimpleUrlHandlerMapping  : Mapped URL path [/webjars/**] onto handler of type [class org.springframework.web.servlet.resource.ResourceHttpRequestHandler]
2016-11-20 23:48:14.923  INFO 1380 --- [main] o.s.w.s.handler.SimpleUrlHandlerMapping  : Mapped URL path [/**] onto handler of type [class org.springframework.web.servlet.resource.ResourceHttpRequestHandler]
2016-11-20 23:48:14.994  INFO 1380 --- [main] o.s.w.s.handler.SimpleUrlHandlerMapping  : Mapped URL path [/**/favicon.ico] onto handler of type [class org.springframework.web.servlet.resource.ResourceHttpRequestHandler]
2016-11-20 23:48:15.530  INFO 1380 --- [main] c.n.s.repository.BoardRepositoryTest     : Started BoardRepositoryTest in 7.225 seconds (JVM running for 9.474)
2016-11-20 23:48:16.218  INFO 1380 --- [main] o.h.h.i.QueryTranslatorFactoryInitiator  : HHH000397: Using ASTQueryTranslatorFactory
2016-11-20 23:48:16.446  INFO 1380 --- [Thread-2] o.s.w.c.s.GenericWebApplicationContext   : Closing org.springframework.web.context.support.GenericWebApplicationContext@6283d8b8: startup date [Sun Nov 20 23:48:09 BDT 2016]; root of context hierarchy
2016-11-20 23:48:16.450  INFO 1380 --- [Thread-2] j.LocalContainerEntityManagerFactoryBean : Closing JPA EntityManagerFactory for persistence unit 'default'
2016-11-21 00:21:12.295  INFO 2852 --- [main] c.n.s.repository.BoardRepositoryTest     : Starting BoardRepositoryTest on eXp with PID 2852 (started by shadhin in F:\learn\allSchoolNoticeBoard)
2016-11-21 00:21:12.297 DEBUG 2852 --- [main] c.n.s.repository.BoardRepositoryTest     : Running with Spring Boot v1.4.2.RELEASE, Spring v4.3.4.RELEASE
2016-11-21 00:21:12.297  INFO 2852 --- [main] c.n.s.repository.BoardRepositoryTest     : No active profile set, falling back to default profiles: default
2016-11-21 00:21:12.422  INFO 2852 --- [main] o.s.w.c.s.GenericWebApplicationContext   : Refreshing org.springframework.web.context.support.GenericWebApplicationContext@6283d8b8: startup date [Mon Nov 21 00:21:12 BDT 2016]; root of context hierarchy
2016-11-21 00:21:14.688  INFO 2852 --- [main] trationDelegate$BeanPostProcessorChecker : Bean 'org.springframework.transaction.annotation.ProxyTransactionManagementConfiguration' of type [class org.springframework.transaction.annotation.ProxyTransactionManagementConfiguration$$EnhancerBySpringCGLIB$$d963a362] is not eligible for getting processed by all BeanPostProcessors (for example: not eligible for auto-proxying)
2016-11-21 00:21:15.293  INFO 2852 --- [main] j.LocalContainerEntityManagerFactoryBean : Building JPA container EntityManagerFactory for persistence unit 'default'
2016-11-21 00:21:15.315  INFO 2852 --- [main] o.hibernate.jpa.internal.util.LogHelper  : HHH000204: Processing PersistenceUnitInfo [
	name: default
	...]
2016-11-21 00:21:15.429  INFO 2852 --- [main] org.hibernate.Version                    : HHH000412: Hibernate Core {5.0.11.Final}
2016-11-21 00:21:15.432  INFO 2852 --- [main] org.hibernate.cfg.Environment            : HHH000206: hibernate.properties not found
2016-11-21 00:21:15.434  INFO 2852 --- [main] org.hibernate.cfg.Environment            : HHH000021: Bytecode provider name : javassist
2016-11-21 00:21:15.487  INFO 2852 --- [main] o.hibernate.annotations.common.Version   : HCANN000001: Hibernate Commons Annotations {5.0.1.Final}
2016-11-21 00:21:16.105  INFO 2852 --- [main] org.hibernate.dialect.Dialect            : HHH000400: Using dialect: org.hibernate.dialect.MySQL5InnoDBDialect
2016-11-21 00:21:16.900  INFO 2852 --- [main] org.hibernate.tool.hbm2ddl.SchemaUpdate  : HHH000228: Running hbm2ddl schema update
2016-11-21 00:21:17.047  INFO 2852 --- [main] j.LocalContainerEntityManagerFactoryBean : Initialized JPA EntityManagerFactory for persistence unit 'default'
2016-11-21 00:21:18.201  INFO 2852 --- [main] s.w.s.m.m.a.RequestMappingHandlerAdapter : Looking for @ControllerAdvice: org.springframework.web.context.support.GenericWebApplicationContext@6283d8b8: startup date [Mon Nov 21 00:21:12 BDT 2016]; root of context hierarchy
2016-11-21 00:21:18.306  INFO 2852 --- [main] s.w.s.m.m.a.RequestMappingHandlerMapping : Mapped "{[/{boardName}],methods=[GET]}" onto public java.lang.String com.nazmulpro.schoolNoticeBoard.controller.BoardController.showBoard(java.lang.String,org.springframework.ui.Model)
2016-11-21 00:21:18.308  INFO 2852 --- [main] s.w.s.m.m.a.RequestMappingHandlerMapping : Mapped "{[/],methods=[GET]}" onto public java.lang.String com.nazmulpro.schoolNoticeBoard.controller.HomeController.showHome()
2016-11-21 00:21:18.311  INFO 2852 --- [main] s.w.s.m.m.a.RequestMappingHandlerMapping : Mapped "{[/error]}" onto public org.springframework.http.ResponseEntity<java.util.Map<java.lang.String, java.lang.Object>> org.springframework.boot.autoconfigure.web.BasicErrorController.error(javax.servlet.http.HttpServletRequest)
2016-11-21 00:21:18.312  INFO 2852 --- [main] s.w.s.m.m.a.RequestMappingHandlerMapping : Mapped "{[/error],produces=[text/html]}" onto public org.springframework.web.servlet.ModelAndView org.springframework.boot.autoconfigure.web.BasicErrorController.errorHtml(javax.servlet.http.HttpServletRequest,javax.servlet.http.HttpServletResponse)
2016-11-21 00:21:18.359  INFO 2852 --- [main] o.s.w.s.handler.SimpleUrlHandlerMapping  : Mapped URL path [/webjars/**] onto handler of type [class org.springframework.web.servlet.resource.ResourceHttpRequestHandler]
2016-11-21 00:21:18.359  INFO 2852 --- [main] o.s.w.s.handler.SimpleUrlHandlerMapping  : Mapped URL path [/**] onto handler of type [class org.springframework.web.servlet.resource.ResourceHttpRequestHandler]
2016-11-21 00:21:18.421  INFO 2852 --- [main] o.s.w.s.handler.SimpleUrlHandlerMapping  : Mapped URL path [/**/favicon.ico] onto handler of type [class org.springframework.web.servlet.resource.ResourceHttpRequestHandler]
2016-11-21 00:21:18.949  INFO 2852 --- [main] c.n.s.repository.BoardRepositoryTest     : Started BoardRepositoryTest in 7.379 seconds (JVM running for 8.519)
2016-11-21 00:21:19.248  WARN 2852 --- [main] o.h.engine.jdbc.spi.SqlExceptionHelper   : SQL Error: 1062, SQLState: 23000
2016-11-21 00:21:19.248 ERROR 2852 --- [main] o.h.engine.jdbc.spi.SqlExceptionHelper   : Duplicate entry 'tinytots' for key 'UK_fipjuh5hisfppc2n34giej12x'
2016-11-21 00:21:19.431  INFO 2852 --- [Thread-2] o.s.w.c.s.GenericWebApplicationContext   : Closing org.springframework.web.context.support.GenericWebApplicationContext@6283d8b8: startup date [Mon Nov 21 00:21:12 BDT 2016]; root of context hierarchy
2016-11-21 00:21:19.436  INFO 2852 --- [Thread-2] j.LocalContainerEntityManagerFactoryBean : Closing JPA EntityManagerFactory for persistence unit 'default'
2016-11-21 00:22:42.494  INFO 3052 --- [main] c.n.s.repository.BoardRepositoryTest     : Starting BoardRepositoryTest on eXp with PID 3052 (started by shadhin in F:\learn\allSchoolNoticeBoard)
2016-11-21 00:22:42.497 DEBUG 3052 --- [main] c.n.s.repository.BoardRepositoryTest     : Running with Spring Boot v1.4.2.RELEASE, Spring v4.3.4.RELEASE
2016-11-21 00:22:42.497  INFO 3052 --- [main] c.n.s.repository.BoardRepositoryTest     : No active profile set, falling back to default profiles: default
2016-11-21 00:22:42.606  INFO 3052 --- [main] o.s.w.c.s.GenericWebApplicationContext   : Refreshing org.springframework.web.context.support.GenericWebApplicationContext@6283d8b8: startup date [Mon Nov 21 00:22:42 BDT 2016]; root of context hierarchy
2016-11-21 00:22:44.791  INFO 3052 --- [main] trationDelegate$BeanPostProcessorChecker : Bean 'org.springframework.transaction.annotation.ProxyTransactionManagementConfiguration' of type [class org.springframework.transaction.annotation.ProxyTransactionManagementConfiguration$$EnhancerBySpringCGLIB$$d963a362] is not eligible for getting processed by all BeanPostProcessors (for example: not eligible for auto-proxying)
2016-11-21 00:22:45.414  INFO 3052 --- [main] j.LocalContainerEntityManagerFactoryBean : Building JPA container EntityManagerFactory for persistence unit 'default'
2016-11-21 00:22:45.440  INFO 3052 --- [main] o.hibernate.jpa.internal.util.LogHelper  : HHH000204: Processing PersistenceUnitInfo [
	name: default
	...]
2016-11-21 00:22:45.544  INFO 3052 --- [main] org.hibernate.Version                    : HHH000412: Hibernate Core {5.0.11.Final}
2016-11-21 00:22:45.547  INFO 3052 --- [main] org.hibernate.cfg.Environment            : HHH000206: hibernate.properties not found
2016-11-21 00:22:45.549  INFO 3052 --- [main] org.hibernate.cfg.Environment            : HHH000021: Bytecode provider name : javassist
2016-11-21 00:22:45.608  INFO 3052 --- [main] o.hibernate.annotations.common.Version   : HCANN000001: Hibernate Commons Annotations {5.0.1.Final}
2016-11-21 00:22:46.252  INFO 3052 --- [main] org.hibernate.dialect.Dialect            : HHH000400: Using dialect: org.hibernate.dialect.MySQL5InnoDBDialect
2016-11-21 00:22:47.025  INFO 3052 --- [main] org.hibernate.tool.hbm2ddl.SchemaUpdate  : HHH000228: Running hbm2ddl schema update
2016-11-21 00:22:47.178  INFO 3052 --- [main] j.LocalContainerEntityManagerFactoryBean : Initialized JPA EntityManagerFactory for persistence unit 'default'
2016-11-21 00:22:48.301  INFO 3052 --- [main] s.w.s.m.m.a.RequestMappingHandlerAdapter : Looking for @ControllerAdvice: org.springframework.web.context.support.GenericWebApplicationContext@6283d8b8: startup date [Mon Nov 21 00:22:42 BDT 2016]; root of context hierarchy
2016-11-21 00:22:48.414  INFO 3052 --- [main] s.w.s.m.m.a.RequestMappingHandlerMapping : Mapped "{[/{boardName}],methods=[GET]}" onto public java.lang.String com.nazmulpro.schoolNoticeBoard.controller.BoardController.showBoard(java.lang.String,org.springframework.ui.Model)
2016-11-21 00:22:48.419  INFO 3052 --- [main] s.w.s.m.m.a.RequestMappingHandlerMapping : Mapped "{[/],methods=[GET]}" onto public java.lang.String com.nazmulpro.schoolNoticeBoard.controller.HomeController.showHome()
2016-11-21 00:22:48.424  INFO 3052 --- [main] s.w.s.m.m.a.RequestMappingHandlerMapping : Mapped "{[/error]}" onto public org.springframework.http.ResponseEntity<java.util.Map<java.lang.String, java.lang.Object>> org.springframework.boot.autoconfigure.web.BasicErrorController.error(javax.servlet.http.HttpServletRequest)
2016-11-21 00:22:48.425  INFO 3052 --- [main] s.w.s.m.m.a.RequestMappingHandlerMapping : Mapped "{[/error],produces=[text/html]}" onto public org.springframework.web.servlet.ModelAndView org.springframework.boot.autoconfigure.web.BasicErrorController.errorHtml(javax.servlet.http.HttpServletRequest,javax.servlet.http.HttpServletResponse)
2016-11-21 00:22:48.473  INFO 3052 --- [main] o.s.w.s.handler.SimpleUrlHandlerMapping  : Mapped URL path [/webjars/**] onto handler of type [class org.springframework.web.servlet.resource.ResourceHttpRequestHandler]
2016-11-21 00:22:48.473  INFO 3052 --- [main] o.s.w.s.handler.SimpleUrlHandlerMapping  : Mapped URL path [/**] onto handler of type [class org.springframework.web.servlet.resource.ResourceHttpRequestHandler]
2016-11-21 00:22:48.531  INFO 3052 --- [main] o.s.w.s.handler.SimpleUrlHandlerMapping  : Mapped URL path [/**/favicon.ico] onto handler of type [class org.springframework.web.servlet.resource.ResourceHttpRequestHandler]
2016-11-21 00:22:49.065  INFO 3052 --- [main] c.n.s.repository.BoardRepositoryTest     : Started BoardRepositoryTest in 7.061 seconds (JVM running for 7.815)
2016-11-21 00:22:50.695  INFO 3052 --- [main] o.h.h.i.QueryTranslatorFactoryInitiator  : HHH000397: Using ASTQueryTranslatorFactory
2016-11-21 00:22:50.891  INFO 3052 --- [Thread-2] o.s.w.c.s.GenericWebApplicationContext   : Closing org.springframework.web.context.support.GenericWebApplicationContext@6283d8b8: startup date [Mon Nov 21 00:22:42 BDT 2016]; root of context hierarchy
2016-11-21 00:22:50.899  INFO 3052 --- [Thread-2] j.LocalContainerEntityManagerFactoryBean : Closing JPA EntityManagerFactory for persistence unit 'default'
2016-11-21 00:29:29.266  INFO 4876 --- [main] c.n.s.AllSchoolNoticeBoardApplication    : Starting AllSchoolNoticeBoardApplication on eXp with PID 4876 (F:\learn\allSchoolNoticeBoard\bin started by shadhin in F:\learn\allSchoolNoticeBoard)
2016-11-21 00:29:29.269 DEBUG 4876 --- [main] c.n.s.AllSchoolNoticeBoardApplication    : Running with Spring Boot v1.4.2.RELEASE, Spring v4.3.4.RELEASE
2016-11-21 00:29:29.270  INFO 4876 --- [main] c.n.s.AllSchoolNoticeBoardApplication    : No active profile set, falling back to default profiles: default
2016-11-21 00:29:29.364  INFO 4876 --- [main] ationConfigEmbeddedWebApplicationContext : Refreshing org.springframework.boot.context.embedded.AnnotationConfigEmbeddedWebApplicationContext@292b08d6: startup date [Mon Nov 21 00:29:29 BDT 2016]; root of context hierarchy
2016-11-21 00:29:31.718  INFO 4876 --- [main] trationDelegate$BeanPostProcessorChecker : Bean 'org.springframework.transaction.annotation.ProxyTransactionManagementConfiguration' of type [class org.springframework.transaction.annotation.ProxyTransactionManagementConfiguration$$EnhancerBySpringCGLIB$$1eedffe0] is not eligible for getting processed by all BeanPostProcessors (for example: not eligible for auto-proxying)
2016-11-21 00:29:32.391  INFO 4876 --- [main] s.b.c.e.t.TomcatEmbeddedServletContainer : Tomcat initialized with port(s): 8080 (http)
2016-11-21 00:29:32.408  INFO 4876 --- [main] o.apache.catalina.core.StandardService   : Starting service Tomcat
2016-11-21 00:29:32.409  INFO 4876 --- [main] org.apache.catalina.core.StandardEngine  : Starting Servlet Engine: Apache Tomcat/8.5.6
2016-11-21 00:29:32.688  INFO 4876 --- [localhost-startStop-1] o.a.c.c.C.[Tomcat].[localhost].[/]       : Initializing Spring embedded WebApplicationContext
2016-11-21 00:29:32.690  INFO 4876 --- [localhost-startStop-1] o.s.web.context.ContextLoader            : Root WebApplicationContext: initialization completed in 3333 ms
2016-11-21 00:29:33.354  INFO 4876 --- [localhost-startStop-1] o.s.b.w.servlet.ServletRegistrationBean  : Mapping servlet: 'dispatcherServlet' to [/]
2016-11-21 00:29:33.360  INFO 4876 --- [localhost-startStop-1] o.s.b.w.servlet.FilterRegistrationBean   : Mapping filter: 'characterEncodingFilter' to: [/*]
2016-11-21 00:29:33.361  INFO 4876 --- [localhost-startStop-1] o.s.b.w.servlet.FilterRegistrationBean   : Mapping filter: 'hiddenHttpMethodFilter' to: [/*]
2016-11-21 00:29:33.362  INFO 4876 --- [localhost-startStop-1] o.s.b.w.servlet.FilterRegistrationBean   : Mapping filter: 'httpPutFormContentFilter' to: [/*]
2016-11-21 00:29:33.362  INFO 4876 --- [localhost-startStop-1] o.s.b.w.servlet.FilterRegistrationBean   : Mapping filter: 'requestContextFilter' to: [/*]
2016-11-21 00:29:33.782  INFO 4876 --- [main] j.LocalContainerEntityManagerFactoryBean : Building JPA container EntityManagerFactory for persistence unit 'default'
2016-11-21 00:29:33.806  INFO 4876 --- [main] o.hibernate.jpa.internal.util.LogHelper  : HHH000204: Processing PersistenceUnitInfo [
	name: default
	...]
2016-11-21 00:29:33.934  INFO 4876 --- [main] org.hibernate.Version                    : HHH000412: Hibernate Core {5.0.11.Final}
2016-11-21 00:29:33.936  INFO 4876 --- [main] org.hibernate.cfg.Environment            : HHH000206: hibernate.properties not found
2016-11-21 00:29:33.941  INFO 4876 --- [main] org.hibernate.cfg.Environment            : HHH000021: Bytecode provider name : javassist
2016-11-21 00:29:33.988  INFO 4876 --- [main] o.hibernate.annotations.common.Version   : HCANN000001: Hibernate Commons Annotations {5.0.1.Final}
2016-11-21 00:29:34.860  INFO 4876 --- [main] org.hibernate.dialect.Dialect            : HHH000400: Using dialect: org.hibernate.dialect.MySQL5InnoDBDialect
2016-11-21 00:29:35.404  INFO 4876 --- [main] org.hibernate.tool.hbm2ddl.SchemaUpdate  : HHH000228: Running hbm2ddl schema update
2016-11-21 00:29:35.615  INFO 4876 --- [main] j.LocalContainerEntityManagerFactoryBean : Initialized JPA EntityManagerFactory for persistence unit 'default'
2016-11-21 00:29:36.530  INFO 4876 --- [main] s.w.s.m.m.a.RequestMappingHandlerAdapter : Looking for @ControllerAdvice: org.springframework.boot.context.embedded.AnnotationConfigEmbeddedWebApplicationContext@292b08d6: startup date [Mon Nov 21 00:29:29 BDT 2016]; root of context hierarchy
2016-11-21 00:29:36.663  INFO 4876 --- [main] s.w.s.m.m.a.RequestMappingHandlerMapping : Mapped "{[/{boardName}],methods=[GET]}" onto public java.lang.String com.nazmulpro.schoolNoticeBoard.controller.BoardController.showBoard(java.lang.String,org.springframework.ui.Model)
2016-11-21 00:29:36.665  INFO 4876 --- [main] s.w.s.m.m.a.RequestMappingHandlerMapping : Mapped "{[/],methods=[GET]}" onto public java.lang.String com.nazmulpro.schoolNoticeBoard.controller.HomeController.showHome()
2016-11-21 00:29:36.669  INFO 4876 --- [main] s.w.s.m.m.a.RequestMappingHandlerMapping : Mapped "{[/error]}" onto public org.springframework.http.ResponseEntity<java.util.Map<java.lang.String, java.lang.Object>> org.springframework.boot.autoconfigure.web.BasicErrorController.error(javax.servlet.http.HttpServletRequest)
2016-11-21 00:29:36.670  INFO 4876 --- [main] s.w.s.m.m.a.RequestMappingHandlerMapping : Mapped "{[/error],produces=[text/html]}" onto public org.springframework.web.servlet.ModelAndView org.springframework.boot.autoconfigure.web.BasicErrorController.errorHtml(javax.servlet.http.HttpServletRequest,javax.servlet.http.HttpServletResponse)
2016-11-21 00:29:36.720  INFO 4876 --- [main] o.s.w.s.handler.SimpleUrlHandlerMapping  : Mapped URL path [/webjars/**] onto handler of type [class org.springframework.web.servlet.resource.ResourceHttpRequestHandler]
2016-11-21 00:29:36.720  INFO 4876 --- [main] o.s.w.s.handler.SimpleUrlHandlerMapping  : Mapped URL path [/**] onto handler of type [class org.springframework.web.servlet.resource.ResourceHttpRequestHandler]
2016-11-21 00:29:36.784  INFO 4876 --- [main] o.s.w.s.handler.SimpleUrlHandlerMapping  : Mapped URL path [/**/favicon.ico] onto handler of type [class org.springframework.web.servlet.resource.ResourceHttpRequestHandler]
2016-11-21 00:29:37.327  INFO 4876 --- [main] o.s.j.e.a.AnnotationMBeanExporter        : Registering beans for JMX exposure on startup
2016-11-21 00:29:37.406  INFO 4876 --- [main] s.b.c.e.t.TomcatEmbeddedServletContainer : Tomcat started on port(s): 8080 (http)
2016-11-21 00:29:37.411  INFO 4876 --- [main] c.n.s.AllSchoolNoticeBoardApplication    : Started AllSchoolNoticeBoardApplication in 8.659 seconds (JVM running for 9.33)
2016-11-21 00:29:45.490  INFO 4876 --- [http-nio-8080-exec-1] o.a.c.c.C.[Tomcat].[localhost].[/]       : Initializing Spring FrameworkServlet 'dispatcherServlet'
2016-11-21 00:29:45.490  INFO 4876 --- [http-nio-8080-exec-1] o.s.web.servlet.DispatcherServlet        : FrameworkServlet 'dispatcherServlet': initialization started
2016-11-21 00:29:45.515  INFO 4876 --- [http-nio-8080-exec-1] o.s.web.servlet.DispatcherServlet        : FrameworkServlet 'dispatcherServlet': initialization completed in 25 ms
2016-11-21 00:29:45.580 DEBUG 4876 --- [http-nio-8080-exec-1] c.n.s.controller.BoardController         : Rendering view for board: ok
2016-11-21 00:29:45.616  INFO 4876 --- [http-nio-8080-exec-1] o.h.h.i.QueryTranslatorFactoryInitiator  : HHH000397: Using ASTQueryTranslatorFactory
2016-11-21 00:29:45.844 DEBUG 4876 --- [http-nio-8080-exec-1] c.n.s.controller.BoardController         : Board not found: ok
2016-11-21 00:30:00.195 DEBUG 4876 --- [http-nio-8080-exec-6] c.n.s.controller.BoardController         : Rendering view for board: sabedali
2016-11-21 01:24:02.163  INFO 4876 --- [RMI TCP Connection(2)-10.50.252.232] inMXBeanRegistrar$SpringApplicationAdmin : Application shutdown requested.
2016-11-21 01:24:02.164  INFO 4876 --- [RMI TCP Connection(2)-10.50.252.232] ationConfigEmbeddedWebApplicationContext : Closing org.springframework.boot.context.embedded.AnnotationConfigEmbeddedWebApplicationContext@292b08d6: startup date [Mon Nov 21 00:29:29 BDT 2016]; root of context hierarchy
2016-11-21 01:24:02.166  INFO 4876 --- [RMI TCP Connection(2)-10.50.252.232] o.s.j.e.a.AnnotationMBeanExporter        : Unregistering JMX-exposed beans on shutdown
2016-11-21 01:24:02.167  INFO 4876 --- [RMI TCP Connection(2)-10.50.252.232] j.LocalContainerEntityManagerFactoryBean : Closing JPA EntityManagerFactory for persistence unit 'default'
2016-11-21 01:29:52.094  INFO 2880 --- [main] c.n.s.AllSchoolNoticeBoardApplication    : Starting AllSchoolNoticeBoardApplication on eXp with PID 2880 (F:\learn\allSchoolNoticeBoard\bin started by shadhin in F:\learn\allSchoolNoticeBoard)
2016-11-21 01:29:52.100 DEBUG 2880 --- [main] c.n.s.AllSchoolNoticeBoardApplication    : Running with Spring Boot v1.4.2.RELEASE, Spring v4.3.4.RELEASE
2016-11-21 01:29:52.100  INFO 2880 --- [main] c.n.s.AllSchoolNoticeBoardApplication    : No active profile set, falling back to default profiles: default
2016-11-21 01:29:52.188  INFO 2880 --- [main] ationConfigEmbeddedWebApplicationContext : Refreshing org.springframework.boot.context.embedded.AnnotationConfigEmbeddedWebApplicationContext@292b08d6: startup date [Mon Nov 21 01:29:52 BDT 2016]; root of context hierarchy
2016-11-21 01:29:54.659  INFO 2880 --- [main] trationDelegate$BeanPostProcessorChecker : Bean 'org.springframework.transaction.annotation.ProxyTransactionManagementConfiguration' of type [class org.springframework.transaction.annotation.ProxyTransactionManagementConfiguration$$EnhancerBySpringCGLIB$$864deac4] is not eligible for getting processed by all BeanPostProcessors (for example: not eligible for auto-proxying)
2016-11-21 01:29:55.319  INFO 2880 --- [main] s.b.c.e.t.TomcatEmbeddedServletContainer : Tomcat initialized with port(s): 8080 (http)
2016-11-21 01:29:55.338  INFO 2880 --- [main] o.apache.catalina.core.StandardService   : Starting service Tomcat
2016-11-21 01:29:55.340  INFO 2880 --- [main] org.apache.catalina.core.StandardEngine  : Starting Servlet Engine: Apache Tomcat/8.5.6
2016-11-21 01:29:55.518  INFO 2880 --- [localhost-startStop-1] o.a.c.c.C.[Tomcat].[localhost].[/]       : Initializing Spring embedded WebApplicationContext
2016-11-21 01:29:55.519  INFO 2880 --- [localhost-startStop-1] o.s.web.context.ContextLoader            : Root WebApplicationContext: initialization completed in 3336 ms
2016-11-21 01:29:56.025  INFO 2880 --- [localhost-startStop-1] o.s.b.w.servlet.ServletRegistrationBean  : Mapping servlet: 'dispatcherServlet' to [/]
2016-11-21 01:29:56.036  INFO 2880 --- [localhost-startStop-1] o.s.b.w.servlet.FilterRegistrationBean   : Mapping filter: 'characterEncodingFilter' to: [/*]
2016-11-21 01:29:56.038  INFO 2880 --- [localhost-startStop-1] o.s.b.w.servlet.FilterRegistrationBean   : Mapping filter: 'hiddenHttpMethodFilter' to: [/*]
2016-11-21 01:29:56.041  INFO 2880 --- [localhost-startStop-1] o.s.b.w.servlet.FilterRegistrationBean   : Mapping filter: 'httpPutFormContentFilter' to: [/*]
2016-11-21 01:29:56.043  INFO 2880 --- [localhost-startStop-1] o.s.b.w.servlet.FilterRegistrationBean   : Mapping filter: 'requestContextFilter' to: [/*]
2016-11-21 01:29:56.769  INFO 2880 --- [main] j.LocalContainerEntityManagerFactoryBean : Building JPA container EntityManagerFactory for persistence unit 'default'
2016-11-21 01:29:56.794  INFO 2880 --- [main] o.hibernate.jpa.internal.util.LogHelper  : HHH000204: Processing PersistenceUnitInfo [
	name: default
	...]
2016-11-21 01:29:56.899  INFO 2880 --- [main] org.hibernate.Version                    : HHH000412: Hibernate Core {5.0.11.Final}
2016-11-21 01:29:56.902  INFO 2880 --- [main] org.hibernate.cfg.Environment            : HHH000206: hibernate.properties not found
2016-11-21 01:29:56.905  INFO 2880 --- [main] org.hibernate.cfg.Environment            : HHH000021: Bytecode provider name : javassist
2016-11-21 01:29:56.950  INFO 2880 --- [main] o.hibernate.annotations.common.Version   : HCANN000001: Hibernate Commons Annotations {5.0.1.Final}
2016-11-21 01:29:57.632  INFO 2880 --- [main] org.hibernate.dialect.Dialect            : HHH000400: Using dialect: org.hibernate.dialect.MySQL5InnoDBDialect
2016-11-21 01:29:58.129  INFO 2880 --- [main] org.hibernate.tool.hbm2ddl.SchemaUpdate  : HHH000228: Running hbm2ddl schema update
2016-11-21 01:29:58.377  INFO 2880 --- [main] j.LocalContainerEntityManagerFactoryBean : Initialized JPA EntityManagerFactory for persistence unit 'default'
2016-11-21 01:29:59.209  INFO 2880 --- [main] s.w.s.m.m.a.RequestMappingHandlerAdapter : Looking for @ControllerAdvice: org.springframework.boot.context.embedded.AnnotationConfigEmbeddedWebApplicationContext@292b08d6: startup date [Mon Nov 21 01:29:52 BDT 2016]; root of context hierarchy
2016-11-21 01:29:59.370  INFO 2880 --- [main] s.w.s.m.m.a.RequestMappingHandlerMapping : Mapped "{[/register],methods=[POST]}" onto public java.lang.String com.nazmulpro.schoolNoticeBoard.controller.BoardController.registerBoard(com.nazmulpro.schoolNoticeBoard.dto.RegistrationForm,org.springframework.validation.BindingResult,org.springframework.web.context.request.WebRequest,org.springframework.web.servlet.mvc.support.RedirectAttributes)
2016-11-21 01:29:59.372  INFO 2880 --- [main] s.w.s.m.m.a.RequestMappingHandlerMapping : Mapped "{[/{boardName}],methods=[GET]}" onto public java.lang.String com.nazmulpro.schoolNoticeBoard.controller.BoardController.showBoard(java.lang.String,org.springframework.ui.Model)
2016-11-21 01:29:59.373  INFO 2880 --- [main] s.w.s.m.m.a.RequestMappingHandlerMapping : Mapped "{[/],methods=[GET]}" onto public java.lang.String com.nazmulpro.schoolNoticeBoard.controller.HomeController.showHome()
2016-11-21 01:29:59.378  INFO 2880 --- [main] s.w.s.m.m.a.RequestMappingHandlerMapping : Mapped "{[/error]}" onto public org.springframework.http.ResponseEntity<java.util.Map<java.lang.String, java.lang.Object>> org.springframework.boot.autoconfigure.web.BasicErrorController.error(javax.servlet.http.HttpServletRequest)
2016-11-21 01:29:59.379  INFO 2880 --- [main] s.w.s.m.m.a.RequestMappingHandlerMapping : Mapped "{[/error],produces=[text/html]}" onto public org.springframework.web.servlet.ModelAndView org.springframework.boot.autoconfigure.web.BasicErrorController.errorHtml(javax.servlet.http.HttpServletRequest,javax.servlet.http.HttpServletResponse)
2016-11-21 01:29:59.424  INFO 2880 --- [main] o.s.w.s.handler.SimpleUrlHandlerMapping  : Mapped URL path [/webjars/**] onto handler of type [class org.springframework.web.servlet.resource.ResourceHttpRequestHandler]
2016-11-21 01:29:59.425  INFO 2880 --- [main] o.s.w.s.handler.SimpleUrlHandlerMapping  : Mapped URL path [/**] onto handler of type [class org.springframework.web.servlet.resource.ResourceHttpRequestHandler]
2016-11-21 01:29:59.498  INFO 2880 --- [main] o.s.w.s.handler.SimpleUrlHandlerMapping  : Mapped URL path [/**/favicon.ico] onto handler of type [class org.springframework.web.servlet.resource.ResourceHttpRequestHandler]
2016-11-21 01:30:00.069  INFO 2880 --- [main] o.s.j.e.a.AnnotationMBeanExporter        : Registering beans for JMX exposure on startup
2016-11-21 01:30:00.156  INFO 2880 --- [main] s.b.c.e.t.TomcatEmbeddedServletContainer : Tomcat started on port(s): 8080 (http)
2016-11-21 01:30:00.166  INFO 2880 --- [main] c.n.s.AllSchoolNoticeBoardApplication    : Started AllSchoolNoticeBoardApplication in 8.591 seconds (JVM running for 9.447)
2016-11-21 01:30:10.820  INFO 2880 --- [http-nio-8080-exec-1] o.a.c.c.C.[Tomcat].[localhost].[/]       : Initializing Spring FrameworkServlet 'dispatcherServlet'
2016-11-21 01:30:10.820  INFO 2880 --- [http-nio-8080-exec-1] o.s.web.servlet.DispatcherServlet        : FrameworkServlet 'dispatcherServlet': initialization started
2016-11-21 01:30:10.837  INFO 2880 --- [http-nio-8080-exec-1] o.s.web.servlet.DispatcherServlet        : FrameworkServlet 'dispatcherServlet': initialization completed in 17 ms
2016-11-21 01:30:10.878 DEBUG 2880 --- [http-nio-8080-exec-1] c.n.s.controller.BoardController         : Rendering view for board: sabedali
2016-11-21 01:30:10.896  INFO 2880 --- [http-nio-8080-exec-1] o.h.h.i.QueryTranslatorFactoryInitiator  : HHH000397: Using ASTQueryTranslatorFactory
2016-11-21 01:30:21.649 DEBUG 2880 --- [http-nio-8080-exec-7] c.n.s.controller.BoardController         : Rendering view for board: pagol
2016-11-21 01:30:21.652 DEBUG 2880 --- [http-nio-8080-exec-7] c.n.s.controller.BoardController         : Board not found: pagol
2016-11-21 01:30:31.313 DEBUG 2880 --- [http-nio-8080-exec-8] c.n.s.controller.BoardController         : Rendering view for board: pagol
2016-11-21 01:30:31.316 DEBUG 2880 --- [http-nio-8080-exec-8] c.n.s.controller.BoardController         : Board not found: pagol
2016-11-21 01:30:43.582 DEBUG 2880 --- [http-nio-8080-exec-10] c.n.s.controller.BoardController         : Rendering view for board: pagol
2016-11-21 02:06:46.682  INFO 2880 --- [RMI TCP Connection(2)-10.50.252.232] inMXBeanRegistrar$SpringApplicationAdmin : Application shutdown requested.
2016-11-21 02:06:46.683  INFO 2880 --- [RMI TCP Connection(2)-10.50.252.232] ationConfigEmbeddedWebApplicationContext : Closing org.springframework.boot.context.embedded.AnnotationConfigEmbeddedWebApplicationContext@292b08d6: startup date [Mon Nov 21 01:29:52 BDT 2016]; root of context hierarchy
2016-11-21 02:06:46.685  INFO 2880 --- [RMI TCP Connection(2)-10.50.252.232] o.s.j.e.a.AnnotationMBeanExporter        : Unregistering JMX-exposed beans on shutdown
2016-11-21 02:06:46.686  INFO 2880 --- [RMI TCP Connection(2)-10.50.252.232] j.LocalContainerEntityManagerFactoryBean : Closing JPA EntityManagerFactory for persistence unit 'default'
